[0.065s] DEBUG:colcon:Command line arguments: ['/usr/bin/colcon', 'build', '--packages-select', 'ros88', '--symlink-install']
[0.065s] DEBUG:colcon:Parsed command line arguments: Namespace(log_base=None, log_level=None, verb_name='build', build_base='build', install_base='install', merge_install=False, symlink_install=True, test_result_base=None, continue_on_error=False, executor='parallel', parallel_workers=16, event_handlers=None, ignore_user_meta=False, metas=['./colcon.meta'], base_paths=['.'], packages_ignore=None, packages_ignore_regex=None, paths=None, packages_up_to=None, packages_up_to_regex=None, packages_above=None, packages_above_and_dependencies=None, packages_above_depth=None, packages_select_by_dep=None, packages_skip_by_dep=None, packages_skip_up_to=None, packages_select_build_failed=False, packages_skip_build_finished=False, packages_select_test_failures=False, packages_skip_test_passed=False, packages_select=['ros88'], packages_skip=None, packages_select_regex=None, packages_skip_regex=None, packages_start=None, packages_end=None, allow_overriding=[], cmake_args=None, cmake_target=None, cmake_target_skip_unavailable=False, cmake_clean_cache=False, cmake_clean_first=False, cmake_force_configure=False, ament_cmake_args=None, catkin_cmake_args=None, catkin_skip_building_tests=False, mixin_files=None, mixin=None, verb_parser=<colcon_mixin.mixin.mixin_argument.MixinArgumentDecorator object at 0x774d16c37490>, verb_extension=<colcon_core.verb.build.BuildVerb object at 0x774d16da7880>, main=<bound method BuildVerb.main of <colcon_core.verb.build.BuildVerb object at 0x774d16da7880>>, mixin_verb=('build',))
[0.100s] Level 1:colcon.colcon_core.package_discovery:discover_packages(colcon_meta) check parameters
[0.100s] Level 1:colcon.colcon_core.package_discovery:discover_packages(recursive) check parameters
[0.100s] Level 1:colcon.colcon_core.package_discovery:discover_packages(ignore) check parameters
[0.100s] Level 1:colcon.colcon_core.package_discovery:discover_packages(path) check parameters
[0.100s] Level 1:colcon.colcon_core.package_discovery:discover_packages(colcon_meta) discover
[0.100s] Level 1:colcon.colcon_core.package_discovery:discover_packages(recursive) discover
[0.100s] INFO:colcon.colcon_core.package_discovery:Crawling recursively for packages in '/home/dheeraj/ros-coding-challenge'
[0.100s] Level 1:colcon.colcon_core.package_identification:_identify(.) by extensions ['ignore', 'ignore_ament_install']
[0.100s] Level 1:colcon.colcon_core.package_identification:_identify(.) by extension 'ignore'
[0.100s] Level 1:colcon.colcon_core.package_identification:_identify(.) by extension 'ignore_ament_install'
[0.100s] Level 1:colcon.colcon_core.package_identification:_identify(.) by extensions ['colcon_pkg']
[0.100s] Level 1:colcon.colcon_core.package_identification:_identify(.) by extension 'colcon_pkg'
[0.100s] Level 1:colcon.colcon_core.package_identification:_identify(.) by extensions ['colcon_meta']
[0.100s] Level 1:colcon.colcon_core.package_identification:_identify(.) by extension 'colcon_meta'
[0.100s] Level 1:colcon.colcon_core.package_identification:_identify(.) by extensions ['ros']
[0.100s] Level 1:colcon.colcon_core.package_identification:_identify(.) by extension 'ros'
[0.102s] Level 1:colcon.colcon_core.package_identification:_identify(.) by extensions ['cmake', 'python']
[0.102s] Level 1:colcon.colcon_core.package_identification:_identify(.) by extension 'cmake'
[0.102s] Level 1:colcon.colcon_core.package_identification:_identify(.) by extension 'python'
[0.102s] Level 1:colcon.colcon_core.package_identification:_identify(.) by extensions ['python_setup_py']
[0.102s] Level 1:colcon.colcon_core.package_identification:_identify(.) by extension 'python_setup_py'
[0.102s] Level 1:colcon.colcon_core.package_identification:_identify(Robotics88_test) by extensions ['ignore', 'ignore_ament_install']
[0.102s] Level 1:colcon.colcon_core.package_identification:_identify(Robotics88_test) by extension 'ignore'
[0.102s] Level 1:colcon.colcon_core.package_identification:_identify(Robotics88_test) by extension 'ignore_ament_install'
[0.102s] Level 1:colcon.colcon_core.package_identification:_identify(Robotics88_test) by extensions ['colcon_pkg']
[0.102s] Level 1:colcon.colcon_core.package_identification:_identify(Robotics88_test) by extension 'colcon_pkg'
[0.102s] Level 1:colcon.colcon_core.package_identification:_identify(Robotics88_test) by extensions ['colcon_meta']
[0.102s] Level 1:colcon.colcon_core.package_identification:_identify(Robotics88_test) by extension 'colcon_meta'
[0.102s] Level 1:colcon.colcon_core.package_identification:_identify(Robotics88_test) by extensions ['ros']
[0.102s] Level 1:colcon.colcon_core.package_identification:_identify(Robotics88_test) by extension 'ros'
[0.102s] Level 1:colcon.colcon_core.package_identification:_identify(Robotics88_test) by extensions ['cmake', 'python']
[0.102s] Level 1:colcon.colcon_core.package_identification:_identify(Robotics88_test) by extension 'cmake'
[0.102s] Level 1:colcon.colcon_core.package_identification:_identify(Robotics88_test) by extension 'python'
[0.103s] Level 1:colcon.colcon_core.package_identification:_identify(Robotics88_test) by extensions ['python_setup_py']
[0.103s] Level 1:colcon.colcon_core.package_identification:_identify(Robotics88_test) by extension 'python_setup_py'
[0.103s] Level 1:colcon.colcon_core.package_identification:_identify(build) by extensions ['ignore', 'ignore_ament_install']
[0.103s] Level 1:colcon.colcon_core.package_identification:_identify(build) by extension 'ignore'
[0.103s] Level 1:colcon.colcon_core.package_identification:_identify(build) ignored
[0.103s] Level 1:colcon.colcon_core.package_identification:_identify(install) by extensions ['ignore', 'ignore_ament_install']
[0.103s] Level 1:colcon.colcon_core.package_identification:_identify(install) by extension 'ignore'
[0.103s] Level 1:colcon.colcon_core.package_identification:_identify(install) ignored
[0.103s] Level 1:colcon.colcon_core.package_identification:_identify(log) by extensions ['ignore', 'ignore_ament_install']
[0.103s] Level 1:colcon.colcon_core.package_identification:_identify(log) by extension 'ignore'
[0.103s] Level 1:colcon.colcon_core.package_identification:_identify(log) ignored
[0.103s] Level 1:colcon.colcon_core.package_identification:_identify(src) by extensions ['ignore', 'ignore_ament_install']
[0.103s] Level 1:colcon.colcon_core.package_identification:_identify(src) by extension 'ignore'
[0.103s] Level 1:colcon.colcon_core.package_identification:_identify(src) by extension 'ignore_ament_install'
[0.103s] Level 1:colcon.colcon_core.package_identification:_identify(src) by extensions ['colcon_pkg']
[0.103s] Level 1:colcon.colcon_core.package_identification:_identify(src) by extension 'colcon_pkg'
[0.103s] Level 1:colcon.colcon_core.package_identification:_identify(src) by extensions ['colcon_meta']
[0.103s] Level 1:colcon.colcon_core.package_identification:_identify(src) by extension 'colcon_meta'
[0.103s] Level 1:colcon.colcon_core.package_identification:_identify(src) by extensions ['ros']
[0.103s] Level 1:colcon.colcon_core.package_identification:_identify(src) by extension 'ros'
[0.103s] Level 1:colcon.colcon_core.package_identification:_identify(src) by extensions ['cmake', 'python']
[0.103s] Level 1:colcon.colcon_core.package_identification:_identify(src) by extension 'cmake'
[0.103s] Level 1:colcon.colcon_core.package_identification:_identify(src) by extension 'python'
[0.103s] Level 1:colcon.colcon_core.package_identification:_identify(src) by extensions ['python_setup_py']
[0.103s] Level 1:colcon.colcon_core.package_identification:_identify(src) by extension 'python_setup_py'
[0.103s] Level 1:colcon.colcon_core.package_identification:_identify(src/ros88) by extensions ['ignore', 'ignore_ament_install']
[0.103s] Level 1:colcon.colcon_core.package_identification:_identify(src/ros88) by extension 'ignore'
[0.103s] Level 1:colcon.colcon_core.package_identification:_identify(src/ros88) by extension 'ignore_ament_install'
[0.103s] Level 1:colcon.colcon_core.package_identification:_identify(src/ros88) by extensions ['colcon_pkg']
[0.103s] Level 1:colcon.colcon_core.package_identification:_identify(src/ros88) by extension 'colcon_pkg'
[0.103s] Level 1:colcon.colcon_core.package_identification:_identify(src/ros88) by extensions ['colcon_meta']
[0.103s] Level 1:colcon.colcon_core.package_identification:_identify(src/ros88) by extension 'colcon_meta'
[0.103s] Level 1:colcon.colcon_core.package_identification:_identify(src/ros88) by extensions ['ros']
[0.104s] Level 1:colcon.colcon_core.package_identification:_identify(src/ros88) by extension 'ros'
[0.105s] DEBUG:colcon.colcon_core.package_identification:Package 'src/ros88' with type 'ros.ament_cmake' and name 'ros88'
[0.105s] Level 1:colcon.colcon_core.package_identification:_identify(src/ros88_pub) by extensions ['ignore', 'ignore_ament_install']
[0.105s] Level 1:colcon.colcon_core.package_identification:_identify(src/ros88_pub) by extension 'ignore'
[0.105s] Level 1:colcon.colcon_core.package_identification:_identify(src/ros88_pub) by extension 'ignore_ament_install'
[0.105s] Level 1:colcon.colcon_core.package_identification:_identify(src/ros88_pub) by extensions ['colcon_pkg']
[0.105s] Level 1:colcon.colcon_core.package_identification:_identify(src/ros88_pub) by extension 'colcon_pkg'
[0.105s] Level 1:colcon.colcon_core.package_identification:_identify(src/ros88_pub) by extensions ['colcon_meta']
[0.105s] Level 1:colcon.colcon_core.package_identification:_identify(src/ros88_pub) by extension 'colcon_meta'
[0.105s] Level 1:colcon.colcon_core.package_identification:_identify(src/ros88_pub) by extensions ['ros']
[0.105s] Level 1:colcon.colcon_core.package_identification:_identify(src/ros88_pub) by extension 'ros'
[0.106s] DEBUG:colcon.colcon_core.package_identification:Package 'src/ros88_pub' with type 'ros.ament_cmake' and name 'ros88_pub'
[0.106s] Level 1:colcon.colcon_core.package_discovery:discover_packages(recursive) using defaults
[0.106s] Level 1:colcon.colcon_core.package_discovery:discover_packages(ignore) discover
[0.106s] Level 1:colcon.colcon_core.package_discovery:discover_packages(ignore) using defaults
[0.106s] Level 1:colcon.colcon_core.package_discovery:discover_packages(path) discover
[0.106s] Level 1:colcon.colcon_core.package_discovery:discover_packages(path) using defaults
[0.118s] INFO:colcon.colcon_core.package_selection:Skipping not selected package 'ros88_pub' in 'src/ros88_pub'
[0.118s] Level 1:colcon.colcon_core.package_discovery:discover_packages(prefix_path) check parameters
[0.118s] Level 1:colcon.colcon_core.package_discovery:discover_packages(prefix_path) discover
[0.119s] DEBUG:colcon.colcon_installed_package_information.package_discovery:Found 2 installed packages in /home/dheeraj/ros-coding-challenge/install
[0.119s] DEBUG:colcon.colcon_installed_package_information.package_discovery:Found 0 installed packages in /home/dheeraj/install
[0.120s] DEBUG:colcon.colcon_installed_package_information.package_discovery:Found 389 installed packages in /opt/ros/humble
[0.121s] Level 1:colcon.colcon_core.package_discovery:discover_packages(prefix_path) using defaults
[0.149s] Level 5:colcon.colcon_core.verb:set package 'ros88' build argument 'cmake_args' from command line to 'None'
[0.149s] Level 5:colcon.colcon_core.verb:set package 'ros88' build argument 'cmake_target' from command line to 'None'
[0.149s] Level 5:colcon.colcon_core.verb:set package 'ros88' build argument 'cmake_target_skip_unavailable' from command line to 'False'
[0.149s] Level 5:colcon.colcon_core.verb:set package 'ros88' build argument 'cmake_clean_cache' from command line to 'False'
[0.149s] Level 5:colcon.colcon_core.verb:set package 'ros88' build argument 'cmake_clean_first' from command line to 'False'
[0.149s] Level 5:colcon.colcon_core.verb:set package 'ros88' build argument 'cmake_force_configure' from command line to 'False'
[0.149s] Level 5:colcon.colcon_core.verb:set package 'ros88' build argument 'ament_cmake_args' from command line to 'None'
[0.149s] Level 5:colcon.colcon_core.verb:set package 'ros88' build argument 'catkin_cmake_args' from command line to 'None'
[0.149s] Level 5:colcon.colcon_core.verb:set package 'ros88' build argument 'catkin_skip_building_tests' from command line to 'False'
[0.149s] DEBUG:colcon.colcon_core.verb:Building package 'ros88' with the following arguments: {'ament_cmake_args': None, 'build_base': '/home/dheeraj/ros-coding-challenge/build/ros88', 'catkin_cmake_args': None, 'catkin_skip_building_tests': False, 'cmake_args': None, 'cmake_clean_cache': False, 'cmake_clean_first': False, 'cmake_force_configure': False, 'cmake_target': None, 'cmake_target_skip_unavailable': False, 'install_base': '/home/dheeraj/ros-coding-challenge/install/ros88', 'merge_install': False, 'path': '/home/dheeraj/ros-coding-challenge/src/ros88', 'symlink_install': True, 'test_result_base': None}
[0.149s] INFO:colcon.colcon_core.executor:Executing jobs using 'parallel' executor
[0.150s] DEBUG:colcon.colcon_parallel_executor.executor.parallel:run_until_complete
[0.150s] INFO:colcon.colcon_ros.task.ament_cmake.build:Building ROS package in '/home/dheeraj/ros-coding-challenge/src/ros88' with build type 'ament_cmake'
[0.150s] INFO:colcon.colcon_cmake.task.cmake.build:Building CMake package in '/home/dheeraj/ros-coding-challenge/src/ros88'
[0.151s] INFO:colcon.colcon_core.plugin_system:Skipping extension 'colcon_core.shell.bat': Not used on non-Windows systems
[0.151s] INFO:colcon.colcon_core.shell:Skip shell extension 'powershell' for command environment: Not usable outside of PowerShell
[0.151s] DEBUG:colcon.colcon_core.shell:Skip shell extension 'dsv' for command environment
[0.157s] DEBUG:colcon.colcon_core.event_handler.log_command:Invoking command in '/home/dheeraj/ros-coding-challenge/build/ros88': CMAKE_PREFIX_PATH=${CMAKE_PREFIX_PATH}:/opt/ros/humble /usr/bin/cmake --build /home/dheeraj/ros-coding-challenge/build/ros88 -- -j16 -l16
[6.822s] DEBUG:colcon.colcon_core.event_handler.log_command:Invoked command in '/home/dheeraj/ros-coding-challenge/build/ros88' returned '0': CMAKE_PREFIX_PATH=${CMAKE_PREFIX_PATH}:/opt/ros/humble /usr/bin/cmake --build /home/dheeraj/ros-coding-challenge/build/ros88 -- -j16 -l16
[6.842s] DEBUG:colcon.colcon_core.event_handler.log_command:Invoking command in '/home/dheeraj/ros-coding-challenge/build/ros88': CMAKE_PREFIX_PATH=${CMAKE_PREFIX_PATH}:/opt/ros/humble /usr/bin/cmake --install /home/dheeraj/ros-coding-challenge/build/ros88
[6.856s] Level 1:colcon.colcon_core.environment:create_environment_scripts_only(ros88)
[6.856s] DEBUG:colcon.colcon_core.event_handler.log_command:Invoked command in '/home/dheeraj/ros-coding-challenge/build/ros88' returned '0': CMAKE_PREFIX_PATH=${CMAKE_PREFIX_PATH}:/opt/ros/humble /usr/bin/cmake --install /home/dheeraj/ros-coding-challenge/build/ros88
[6.857s] Level 1:colcon.colcon_core.environment:checking '/home/dheeraj/ros-coding-challenge/install/ros88' for CMake module files
[6.858s] Level 1:colcon.colcon_core.environment:checking '/home/dheeraj/ros-coding-challenge/install/ros88' for CMake config files
[6.858s] Level 1:colcon.colcon_core.shell:create_environment_hook('ros88', 'cmake_prefix_path')
[6.858s] INFO:colcon.colcon_core.shell:Creating environment hook '/home/dheeraj/ros-coding-challenge/install/ros88/share/ros88/hook/cmake_prefix_path.ps1'
[6.859s] INFO:colcon.colcon_core.shell:Creating environment descriptor '/home/dheeraj/ros-coding-challenge/install/ros88/share/ros88/hook/cmake_prefix_path.dsv'
[6.859s] INFO:colcon.colcon_core.shell:Creating environment hook '/home/dheeraj/ros-coding-challenge/install/ros88/share/ros88/hook/cmake_prefix_path.sh'
[6.860s] Level 1:colcon.colcon_core.environment:checking '/home/dheeraj/ros-coding-challenge/install/ros88/lib'
[6.860s] Level 1:colcon.colcon_core.environment:checking '/home/dheeraj/ros-coding-challenge/install/ros88/bin'
[6.860s] Level 1:colcon.colcon_core.environment:checking '/home/dheeraj/ros-coding-challenge/install/ros88/lib/pkgconfig/ros88.pc'
[6.860s] Level 1:colcon.colcon_core.environment:checking '/home/dheeraj/ros-coding-challenge/install/ros88/lib/python3.10/site-packages'
[6.860s] Level 1:colcon.colcon_core.environment:checking '/home/dheeraj/ros-coding-challenge/install/ros88/bin'
[6.861s] INFO:colcon.colcon_core.shell:Creating package script '/home/dheeraj/ros-coding-challenge/install/ros88/share/ros88/package.ps1'
[6.861s] INFO:colcon.colcon_core.shell:Creating package descriptor '/home/dheeraj/ros-coding-challenge/install/ros88/share/ros88/package.dsv'
[6.862s] INFO:colcon.colcon_core.shell:Creating package script '/home/dheeraj/ros-coding-challenge/install/ros88/share/ros88/package.sh'
[6.862s] INFO:colcon.colcon_core.shell:Creating package script '/home/dheeraj/ros-coding-challenge/install/ros88/share/ros88/package.bash'
[6.863s] INFO:colcon.colcon_core.shell:Creating package script '/home/dheeraj/ros-coding-challenge/install/ros88/share/ros88/package.zsh'
[6.863s] Level 1:colcon.colcon_core.environment:create_file_with_runtime_dependencies(/home/dheeraj/ros-coding-challenge/install/ros88/share/colcon-core/packages/ros88)
[6.878s] Level 1:colcon.colcon_core.environment:create_environment_scripts_only(ros88)
[6.878s] Level 1:colcon.colcon_core.environment:checking '/home/dheeraj/ros-coding-challenge/install/ros88' for CMake module files
[6.878s] Level 1:colcon.colcon_core.environment:checking '/home/dheeraj/ros-coding-challenge/install/ros88' for CMake config files
[6.879s] Level 1:colcon.colcon_core.shell:create_environment_hook('ros88', 'cmake_prefix_path')
[6.879s] INFO:colcon.colcon_core.shell:Creating environment hook '/home/dheeraj/ros-coding-challenge/install/ros88/share/ros88/hook/cmake_prefix_path.ps1'
[6.879s] INFO:colcon.colcon_core.shell:Creating environment descriptor '/home/dheeraj/ros-coding-challenge/install/ros88/share/ros88/hook/cmake_prefix_path.dsv'
[6.879s] INFO:colcon.colcon_core.shell:Creating environment hook '/home/dheeraj/ros-coding-challenge/install/ros88/share/ros88/hook/cmake_prefix_path.sh'
[6.880s] Level 1:colcon.colcon_core.environment:checking '/home/dheeraj/ros-coding-challenge/install/ros88/lib'
[6.880s] Level 1:colcon.colcon_core.environment:checking '/home/dheeraj/ros-coding-challenge/install/ros88/bin'
[6.880s] Level 1:colcon.colcon_core.environment:checking '/home/dheeraj/ros-coding-challenge/install/ros88/lib/pkgconfig/ros88.pc'
[6.880s] Level 1:colcon.colcon_core.environment:checking '/home/dheeraj/ros-coding-challenge/install/ros88/lib/python3.10/site-packages'
[6.880s] Level 1:colcon.colcon_core.environment:checking '/home/dheeraj/ros-coding-challenge/install/ros88/bin'
[6.880s] INFO:colcon.colcon_core.shell:Creating package script '/home/dheeraj/ros-coding-challenge/install/ros88/share/ros88/package.ps1'
[6.880s] INFO:colcon.colcon_core.shell:Creating package descriptor '/home/dheeraj/ros-coding-challenge/install/ros88/share/ros88/package.dsv'
[6.881s] INFO:colcon.colcon_core.shell:Creating package script '/home/dheeraj/ros-coding-challenge/install/ros88/share/ros88/package.sh'
[6.881s] INFO:colcon.colcon_core.shell:Creating package script '/home/dheeraj/ros-coding-challenge/install/ros88/share/ros88/package.bash'
[6.881s] INFO:colcon.colcon_core.shell:Creating package script '/home/dheeraj/ros-coding-challenge/install/ros88/share/ros88/package.zsh'
[6.881s] Level 1:colcon.colcon_core.environment:create_file_with_runtime_dependencies(/home/dheeraj/ros-coding-challenge/install/ros88/share/colcon-core/packages/ros88)
[6.882s] DEBUG:colcon.colcon_parallel_executor.executor.parallel:closing loop
[6.882s] DEBUG:colcon.colcon_parallel_executor.executor.parallel:loop closed
[6.882s] DEBUG:colcon.colcon_parallel_executor.executor.parallel:run_until_complete finished with '0'
[6.882s] DEBUG:colcon.colcon_core.event_reactor:joining thread
[6.892s] INFO:colcon.colcon_core.plugin_system:Skipping extension 'colcon_notification.desktop_notification.terminal_notifier': Not used on non-Darwin systems
[6.892s] INFO:colcon.colcon_core.plugin_system:Skipping extension 'colcon_notification.desktop_notification.win32': Not used on non-Windows systems
[6.892s] INFO:colcon.colcon_notification.desktop_notification:Sending desktop notification using 'notify2'
[6.901s] DEBUG:colcon.colcon_core.event_reactor:joined thread
[6.901s] INFO:colcon.colcon_core.shell:Creating prefix script '/home/dheeraj/ros-coding-challenge/install/local_setup.ps1'
[6.902s] INFO:colcon.colcon_core.shell:Creating prefix util module '/home/dheeraj/ros-coding-challenge/install/_local_setup_util_ps1.py'
[6.902s] INFO:colcon.colcon_core.shell:Creating prefix chain script '/home/dheeraj/ros-coding-challenge/install/setup.ps1'
[6.903s] INFO:colcon.colcon_core.shell:Creating prefix script '/home/dheeraj/ros-coding-challenge/install/local_setup.sh'
[6.903s] INFO:colcon.colcon_core.shell:Creating prefix util module '/home/dheeraj/ros-coding-challenge/install/_local_setup_util_sh.py'
[6.904s] INFO:colcon.colcon_core.shell:Creating prefix chain script '/home/dheeraj/ros-coding-challenge/install/setup.sh'
[6.904s] INFO:colcon.colcon_core.shell:Creating prefix script '/home/dheeraj/ros-coding-challenge/install/local_setup.bash'
[6.904s] INFO:colcon.colcon_core.shell:Creating prefix chain script '/home/dheeraj/ros-coding-challenge/install/setup.bash'
[6.905s] INFO:colcon.colcon_core.shell:Creating prefix script '/home/dheeraj/ros-coding-challenge/install/local_setup.zsh'
[6.905s] INFO:colcon.colcon_core.shell:Creating prefix chain script '/home/dheeraj/ros-coding-challenge/install/setup.zsh'
