[0.008s] Invoking command in '/home/dheeraj/ros-coding-challenge/build/ros88_pub': CMAKE_PREFIX_PATH=${CMAKE_PREFIX_PATH}:/opt/ros/humble /usr/bin/cmake --build /home/dheeraj/ros-coding-challenge/build/ros88_pub -- -j16 -l16
[0.022s] -- Found ament_cmake: 1.3.10 (/opt/ros/humble/share/ament_cmake/cmake)
[0.112s] -- Found rclcpp: 16.0.10 (/opt/ros/humble/share/rclcpp/cmake)
[0.139s] -- Found rosidl_generator_c: 3.1.5 (/opt/ros/humble/share/rosidl_generator_c/cmake)
[0.142s] -- Found rosidl_adapter: 3.1.5 (/opt/ros/humble/share/rosidl_adapter/cmake)
[0.148s] -- Found rosidl_generator_cpp: 3.1.5 (/opt/ros/humble/share/rosidl_generator_cpp/cmake)
[0.156s] -- Using all available rosidl_typesupport_c: rosidl_typesupport_fastrtps_c;rosidl_typesupport_introspection_c
[0.166s] -- Using all available rosidl_typesupport_cpp: rosidl_typesupport_fastrtps_cpp;rosidl_typesupport_introspection_cpp
[0.194s] -- Found rmw_implementation_cmake: 6.1.2 (/opt/ros/humble/share/rmw_implementation_cmake/cmake)
[0.196s] -- Found rmw_cyclonedds_cpp: 1.3.4 (/opt/ros/humble/share/rmw_cyclonedds_cpp/cmake)
[0.209s] -- Using RMW implementation 'rmw_cyclonedds_cpp' as default
[0.215s] -- Looking for pthread.h
[0.265s] -- Looking for pthread.h - found
[0.265s] -- Performing Test CMAKE_HAVE_LIBC_PTHREAD
[0.314s] -- Performing Test CMAKE_HAVE_LIBC_PTHREAD - Success
[0.315s] -- Found Threads: TRUE  
[0.349s] -- Found cv_bridge: 3.2.1 (/opt/ros/humble/share/cv_bridge/cmake)
[0.378s] -- Found image_transport: 3.1.9 (/opt/ros/humble/share/image_transport/cmake)
[0.404s] -- Found OpenCV: /usr (found version "4.5.4") 
[0.404s] -- Found ament_lint_auto: 0.12.11 (/opt/ros/humble/share/ament_lint_auto/cmake)
[0.453s] -- Added test 'cppcheck' to perform static code analysis on C / C++ code
[0.453s] -- Configured cppcheck include dirs: $<BUILD_INTERFACE:/home/dheeraj/ros-coding-challenge/src/ros88_pub/include>
[0.453s] -- Configured cppcheck exclude dirs and/or files: 
[0.453s] -- Added test 'flake8' to check Python code syntax and style conventions
[0.453s] -- Added test 'lint_cmake' to check CMake code style
[0.453s] -- Added test 'pep257' to check Python code against some of the docstring style conventions in PEP 257
[0.454s] -- Added test 'uncrustify' to check C / C++ code style
[0.454s] -- Configured uncrustify additional arguments: 
[0.454s] -- Added test 'xmllint' to check XML markup files
[0.455s] -- Configuring done
[0.463s] -- Generating done
[0.464s] -- Build files have been written to: /home/dheeraj/ros-coding-challenge/build/ros88_pub
[0.481s] [35m[1mConsolidate compiler generated dependencies of target ros88_pub[0m
[0.488s] [ 50%] [32mBuilding CXX object CMakeFiles/ros88_pub.dir/src/ros88_pub.cpp.o[0m
[0.512s] [100%] [32m[1mLinking CXX executable ros88_pub[0m
[0.694s] [100%] Built target ros88_pub
[0.701s] Invoked command in '/home/dheeraj/ros-coding-challenge/build/ros88_pub' returned '0': CMAKE_PREFIX_PATH=${CMAKE_PREFIX_PATH}:/opt/ros/humble /usr/bin/cmake --build /home/dheeraj/ros-coding-challenge/build/ros88_pub -- -j16 -l16
[0.717s] Invoking command in '/home/dheeraj/ros-coding-challenge/build/ros88_pub': CMAKE_PREFIX_PATH=${CMAKE_PREFIX_PATH}:/opt/ros/humble /usr/bin/cmake --install /home/dheeraj/ros-coding-challenge/build/ros88_pub
[0.721s] -- Install configuration: ""
[0.721s] -- Installing: /home/dheeraj/ros-coding-challenge/install/ros88_pub/lib/ros88_pub/ros88_pub
[0.722s] -- Set runtime path of "/home/dheeraj/ros-coding-challenge/install/ros88_pub/lib/ros88_pub/ros88_pub" to ""
[0.722s] -- Installing: /home/dheeraj/ros-coding-challenge/install/ros88_pub/share/ros88_pub/launch
[0.722s] -- Installing: /home/dheeraj/ros-coding-challenge/install/ros88_pub/share/ros88_pub/launch/ros88_pub_launch.py
[0.722s] -- Installing: /home/dheeraj/ros-coding-challenge/install/ros88_pub/share/ament_index/resource_index/package_run_dependencies/ros88_pub
[0.722s] -- Installing: /home/dheeraj/ros-coding-challenge/install/ros88_pub/share/ament_index/resource_index/parent_prefix_path/ros88_pub
[0.722s] -- Up-to-date: /home/dheeraj/ros-coding-challenge/install/ros88_pub/share/ros88_pub/environment/ament_prefix_path.sh
[0.722s] -- Installing: /home/dheeraj/ros-coding-challenge/install/ros88_pub/share/ros88_pub/environment/ament_prefix_path.dsv
[0.722s] -- Up-to-date: /home/dheeraj/ros-coding-challenge/install/ros88_pub/share/ros88_pub/environment/path.sh
[0.722s] -- Installing: /home/dheeraj/ros-coding-challenge/install/ros88_pub/share/ros88_pub/environment/path.dsv
[0.722s] -- Up-to-date: /home/dheeraj/ros-coding-challenge/install/ros88_pub/share/ros88_pub/local_setup.bash
[0.722s] -- Up-to-date: /home/dheeraj/ros-coding-challenge/install/ros88_pub/share/ros88_pub/local_setup.sh
[0.722s] -- Up-to-date: /home/dheeraj/ros-coding-challenge/install/ros88_pub/share/ros88_pub/local_setup.zsh
[0.722s] -- Installing: /home/dheeraj/ros-coding-challenge/install/ros88_pub/share/ros88_pub/local_setup.dsv
[0.722s] -- Installing: /home/dheeraj/ros-coding-challenge/install/ros88_pub/share/ros88_pub/package.dsv
[0.722s] -- Up-to-date: /home/dheeraj/ros-coding-challenge/install/ros88_pub/share/ament_index/resource_index/packages/ros88_pub
[0.722s] -- Up-to-date: /home/dheeraj/ros-coding-challenge/install/ros88_pub/share/ros88_pub/cmake/ros88_pubConfig.cmake
[0.722s] -- Up-to-date: /home/dheeraj/ros-coding-challenge/install/ros88_pub/share/ros88_pub/cmake/ros88_pubConfig-version.cmake
[0.722s] -- Installing: /home/dheeraj/ros-coding-challenge/install/ros88_pub/share/ros88_pub/package.xml
[0.724s] Invoked command in '/home/dheeraj/ros-coding-challenge/build/ros88_pub' returned '0': CMAKE_PREFIX_PATH=${CMAKE_PREFIX_PATH}:/opt/ros/humble /usr/bin/cmake --install /home/dheeraj/ros-coding-challenge/build/ros88_pub
