[0.007s] Invoking command in '/home/dheeraj/ros-coding-challenge/build/ros88_pub': CMAKE_PREFIX_PATH=${CMAKE_PREFIX_PATH}:/opt/ros/humble /usr/bin/cmake --build /home/dheeraj/ros-coding-challenge/build/ros88_pub -- -j16 -l16
[0.032s] [35m[1mConsolidate compiler generated dependencies of target ros88_pub[0m
[0.043s] [ 50%] [32mBuilding CXX object CMakeFiles/ros88_pub.dir/src/ros88_pub.cpp.o[0m
[3.768s] [100%] [32m[1mLinking CXX executable ros88_pub[0m
[4.047s] [100%] Built target ros88_pub
[4.056s] Invoked command in '/home/dheeraj/ros-coding-challenge/build/ros88_pub' returned '0': CMAKE_PREFIX_PATH=${CMAKE_PREFIX_PATH}:/opt/ros/humble /usr/bin/cmake --build /home/dheeraj/ros-coding-challenge/build/ros88_pub -- -j16 -l16
[4.080s] Invoking command in '/home/dheeraj/ros-coding-challenge/build/ros88_pub': CMAKE_PREFIX_PATH=${CMAKE_PREFIX_PATH}:/opt/ros/humble /usr/bin/cmake --install /home/dheeraj/ros-coding-challenge/build/ros88_pub
[4.085s] -- Install configuration: ""
[4.085s] -- Execute custom install script
[4.086s] -- Up-to-date symlink: /home/dheeraj/ros-coding-challenge/install/ros88_pub/lib/ros88_pub/ros88_pub
[4.086s] -- Up-to-date symlink: /home/dheeraj/ros-coding-challenge/install/ros88_pub/share/ros88_pub/launch/ros88_pub_launch.py
[4.086s] -- Up-to-date symlink: /home/dheeraj/ros-coding-challenge/install/ros88_pub/share/ament_index/resource_index/package_run_dependencies/ros88_pub
[4.086s] -- Up-to-date symlink: /home/dheeraj/ros-coding-challenge/install/ros88_pub/share/ament_index/resource_index/parent_prefix_path/ros88_pub
[4.086s] -- Up-to-date symlink: /home/dheeraj/ros-coding-challenge/install/ros88_pub/share/ros88_pub/environment/ament_prefix_path.sh
[4.086s] -- Up-to-date symlink: /home/dheeraj/ros-coding-challenge/install/ros88_pub/share/ros88_pub/environment/ament_prefix_path.dsv
[4.086s] -- Up-to-date symlink: /home/dheeraj/ros-coding-challenge/install/ros88_pub/share/ros88_pub/environment/path.sh
[4.086s] -- Up-to-date symlink: /home/dheeraj/ros-coding-challenge/install/ros88_pub/share/ros88_pub/environment/path.dsv
[4.086s] -- Up-to-date symlink: /home/dheeraj/ros-coding-challenge/install/ros88_pub/share/ros88_pub/local_setup.bash
[4.086s] -- Up-to-date symlink: /home/dheeraj/ros-coding-challenge/install/ros88_pub/share/ros88_pub/local_setup.sh
[4.086s] -- Up-to-date symlink: /home/dheeraj/ros-coding-challenge/install/ros88_pub/share/ros88_pub/local_setup.zsh
[4.087s] -- Up-to-date symlink: /home/dheeraj/ros-coding-challenge/install/ros88_pub/share/ros88_pub/local_setup.dsv
[4.087s] -- Symlinking: /home/dheeraj/ros-coding-challenge/install/ros88_pub/share/ros88_pub/package.dsv
[4.094s] -- Up-to-date symlink: /home/dheeraj/ros-coding-challenge/install/ros88_pub/share/ament_index/resource_index/packages/ros88_pub
[4.094s] -- Up-to-date symlink: /home/dheeraj/ros-coding-challenge/install/ros88_pub/share/ros88_pub/cmake/ros88_pubConfig.cmake
[4.094s] -- Up-to-date symlink: /home/dheeraj/ros-coding-challenge/install/ros88_pub/share/ros88_pub/cmake/ros88_pubConfig-version.cmake
[4.094s] -- Up-to-date symlink: /home/dheeraj/ros-coding-challenge/install/ros88_pub/share/ros88_pub/package.xml
[4.096s] Invoked command in '/home/dheeraj/ros-coding-challenge/build/ros88_pub' returned '0': CMAKE_PREFIX_PATH=${CMAKE_PREFIX_PATH}:/opt/ros/humble /usr/bin/cmake --install /home/dheeraj/ros-coding-challenge/build/ros88_pub
