[0.007s] Invoking command in '/home/dheeraj/ros-coding-challenge/build/ros88': CMAKE_PREFIX_PATH=${CMAKE_PREFIX_PATH}:/opt/ros/humble /usr/bin/cmake /home/dheeraj/ros-coding-challenge/src/ros88 -DAMENT_CMAKE_SYMLINK_INSTALL=1 -DCMAKE_INSTALL_PREFIX=/home/dheeraj/ros-coding-challenge/install/ros88
[0.040s] -- The C compiler identification is GNU 11.4.0
[0.075s] -- The CXX compiler identification is GNU 11.4.0
[0.080s] -- Detecting C compiler ABI info
[0.123s] -- Detecting C compiler ABI info - done
[0.132s] -- Check for working C compiler: /usr/bin/cc - skipped
[0.132s] -- Detecting C compile features
[0.132s] -- Detecting C compile features - done
[0.134s] -- Detecting CXX compiler ABI info
[0.184s] -- Detecting CXX compiler ABI info - done
[0.189s] -- Check for working CXX compiler: /usr/bin/c++ - skipped
[0.189s] -- Detecting CXX compile features
[0.189s] -- Detecting CXX compile features - done
[0.191s] -- Found ament_cmake: 1.3.10 (/opt/ros/humble/share/ament_cmake/cmake)
[0.452s] -- Found Python3: /usr/bin/python3 (found version "3.10.12") found components: Interpreter 
[0.489s] -- Override CMake install command with custom implementation using symlinks instead of copying resources
[0.507s] -- Found rclcpp: 16.0.10 (/opt/ros/humble/share/rclcpp/cmake)
[0.535s] -- Found rosidl_generator_c: 3.1.5 (/opt/ros/humble/share/rosidl_generator_c/cmake)
[0.539s] -- Found rosidl_adapter: 3.1.5 (/opt/ros/humble/share/rosidl_adapter/cmake)
[0.544s] -- Found rosidl_generator_cpp: 3.1.5 (/opt/ros/humble/share/rosidl_generator_cpp/cmake)
[0.551s] -- Using all available rosidl_typesupport_c: rosidl_typesupport_fastrtps_c;rosidl_typesupport_introspection_c
[0.561s] -- Using all available rosidl_typesupport_cpp: rosidl_typesupport_fastrtps_cpp;rosidl_typesupport_introspection_cpp
[0.587s] -- Found rmw_implementation_cmake: 6.1.2 (/opt/ros/humble/share/rmw_implementation_cmake/cmake)
[0.588s] -- Found rmw_cyclonedds_cpp: 1.3.4 (/opt/ros/humble/share/rmw_cyclonedds_cpp/cmake)
[0.601s] -- Using RMW implementation 'rmw_cyclonedds_cpp' as default
[0.606s] -- Looking for pthread.h
[0.657s] -- Looking for pthread.h - found
[0.657s] -- Performing Test CMAKE_HAVE_LIBC_PTHREAD
[0.704s] -- Performing Test CMAKE_HAVE_LIBC_PTHREAD - Success
[0.705s] -- Found Threads: TRUE  
[0.742s] -- Found cv_bridge: 3.2.1 (/opt/ros/humble/share/cv_bridge/cmake)
[0.769s] -- Found image_transport: 3.1.9 (/opt/ros/humble/share/image_transport/cmake)
[0.792s] -- Found OpenCV: /usr (found version "4.5.4") 
[0.793s] -- Found ament_lint_auto: 0.12.11 (/opt/ros/humble/share/ament_lint_auto/cmake)
[0.848s] -- Added test 'cppcheck' to perform static code analysis on C / C++ code
[0.848s] -- Configured cppcheck include dirs: $<BUILD_INTERFACE:/home/dheeraj/ros-coding-challenge/src/ros88/include>
[0.848s] -- Configured cppcheck exclude dirs and/or files: 
[0.849s] -- Added test 'flake8' to check Python code syntax and style conventions
[0.849s] -- Added test 'lint_cmake' to check CMake code style
[0.850s] -- Added test 'pep257' to check Python code against some of the docstring style conventions in PEP 257
[0.851s] -- Added test 'uncrustify' to check C / C++ code style
[0.851s] -- Configured uncrustify additional arguments: 
[0.851s] -- Added test 'xmllint' to check XML markup files
[0.852s] -- Configuring done
[0.860s] -- Generating done
[0.861s] -- Build files have been written to: /home/dheeraj/ros-coding-challenge/build/ros88
[0.869s] Invoked command in '/home/dheeraj/ros-coding-challenge/build/ros88' returned '0': CMAKE_PREFIX_PATH=${CMAKE_PREFIX_PATH}:/opt/ros/humble /usr/bin/cmake /home/dheeraj/ros-coding-challenge/src/ros88 -DAMENT_CMAKE_SYMLINK_INSTALL=1 -DCMAKE_INSTALL_PREFIX=/home/dheeraj/ros-coding-challenge/install/ros88
[0.870s] Invoking command in '/home/dheeraj/ros-coding-challenge/build/ros88': CMAKE_PREFIX_PATH=${CMAKE_PREFIX_PATH}:/opt/ros/humble /usr/bin/cmake --build /home/dheeraj/ros-coding-challenge/build/ros88 -- -j16 -l16
[0.901s] [ 50%] [32mBuilding CXX object CMakeFiles/ros88.dir/src/ros88.cpp.o[0m
[7.059s] [100%] [32m[1mLinking CXX executable ros88[0m
[7.480s] [100%] Built target ros88
[7.487s] Invoked command in '/home/dheeraj/ros-coding-challenge/build/ros88' returned '0': CMAKE_PREFIX_PATH=${CMAKE_PREFIX_PATH}:/opt/ros/humble /usr/bin/cmake --build /home/dheeraj/ros-coding-challenge/build/ros88 -- -j16 -l16
[7.507s] Invoking command in '/home/dheeraj/ros-coding-challenge/build/ros88': CMAKE_PREFIX_PATH=${CMAKE_PREFIX_PATH}:/opt/ros/humble /usr/bin/cmake --install /home/dheeraj/ros-coding-challenge/build/ros88
[7.511s] -- Install configuration: ""
[7.511s] -- Execute custom install script
[7.512s] -- Symlinking: /home/dheeraj/ros-coding-challenge/install/ros88/lib/ros88/ros88
[7.517s] [33mCMake Warning (dev) at ament_cmake_symlink_install/ament_cmake_symlink_install.cmake:62 (file):
[7.517s]   Policy CMP0009 is not set: FILE GLOB_RECURSE calls should not follow
[7.517s]   symlinks by default.  Run "cmake --help-policy CMP0009" for policy details.
[7.517s]   Use the cmake_policy command to set the policy and suppress this warning.
[7.517s] Call Stack (most recent call first):
[7.517s]   ament_cmake_symlink_install/ament_cmake_symlink_install.cmake:317 (ament_cmake_symlink_install_directory)
[7.517s]   cmake_install.cmake:46 (include)
[7.517s] This warning is for project developers.  Use -Wno-dev to suppress it.
[7.517s] [0m
[7.517s] -- Symlinking: /home/dheeraj/ros-coding-challenge/install/ros88/share/ros88/launch/__pycache__/turtle_launch.cpython-310.pyc
[7.522s] -- Symlinking: /home/dheeraj/ros-coding-challenge/install/ros88/share/ros88/launch/build/.built_by
[7.527s] -- Symlinking: /home/dheeraj/ros-coding-challenge/install/ros88/share/ros88/launch/build/COLCON_IGNORE
[7.533s] -- Symlinking: /home/dheeraj/ros-coding-challenge/install/ros88/share/ros88/launch/install/.colcon_install_layout
[7.538s] -- Symlinking: /home/dheeraj/ros-coding-challenge/install/ros88/share/ros88/launch/install/COLCON_IGNORE
[7.545s] -- Symlinking: /home/dheeraj/ros-coding-challenge/install/ros88/share/ros88/launch/install/_local_setup_util_ps1.py
[7.552s] -- Symlinking: /home/dheeraj/ros-coding-challenge/install/ros88/share/ros88/launch/install/_local_setup_util_sh.py
[7.557s] -- Symlinking: /home/dheeraj/ros-coding-challenge/install/ros88/share/ros88/launch/install/local_setup.bash
[7.561s] -- Symlinking: /home/dheeraj/ros-coding-challenge/install/ros88/share/ros88/launch/install/local_setup.ps1
[7.566s] -- Symlinking: /home/dheeraj/ros-coding-challenge/install/ros88/share/ros88/launch/install/local_setup.sh
[7.570s] -- Symlinking: /home/dheeraj/ros-coding-challenge/install/ros88/share/ros88/launch/install/local_setup.zsh
[7.575s] -- Symlinking: /home/dheeraj/ros-coding-challenge/install/ros88/share/ros88/launch/install/setup.bash
[7.579s] -- Symlinking: /home/dheeraj/ros-coding-challenge/install/ros88/share/ros88/launch/install/setup.ps1
[7.583s] -- Symlinking: /home/dheeraj/ros-coding-challenge/install/ros88/share/ros88/launch/install/setup.sh
[7.588s] -- Symlinking: /home/dheeraj/ros-coding-challenge/install/ros88/share/ros88/launch/install/setup.zsh
[7.592s] -- Symlinking: /home/dheeraj/ros-coding-challenge/install/ros88/share/ros88/launch/log/COLCON_IGNORE
[7.597s] -- Symlinking: /home/dheeraj/ros-coding-challenge/install/ros88/share/ros88/launch/log/build_2024-10-13_17-18-06/events.log
[7.601s] -- Symlinking: /home/dheeraj/ros-coding-challenge/install/ros88/share/ros88/launch/log/build_2024-10-13_17-18-06/logger_all.log
[7.605s] -- Symlinking: /home/dheeraj/ros-coding-challenge/install/ros88/share/ros88/launch/log/latest/events.log
[7.610s] -- Symlinking: /home/dheeraj/ros-coding-challenge/install/ros88/share/ros88/launch/log/latest/logger_all.log
[7.614s] -- Symlinking: /home/dheeraj/ros-coding-challenge/install/ros88/share/ros88/launch/log/latest_build/events.log
[7.619s] -- Symlinking: /home/dheeraj/ros-coding-challenge/install/ros88/share/ros88/launch/log/latest_build/logger_all.log
[7.624s] -- Symlinking: /home/dheeraj/ros-coding-challenge/install/ros88/share/ros88/launch/turtle_launch.py
[7.629s] -- Symlinking: /home/dheeraj/ros-coding-challenge/install/ros88/share/ament_index/resource_index/package_run_dependencies/ros88
[7.633s] -- Symlinking: /home/dheeraj/ros-coding-challenge/install/ros88/share/ament_index/resource_index/parent_prefix_path/ros88
[7.637s] -- Symlinking: /home/dheeraj/ros-coding-challenge/install/ros88/share/ros88/environment/ament_prefix_path.sh
[7.642s] -- Symlinking: /home/dheeraj/ros-coding-challenge/install/ros88/share/ros88/environment/ament_prefix_path.dsv
[7.646s] -- Symlinking: /home/dheeraj/ros-coding-challenge/install/ros88/share/ros88/environment/path.sh
[7.651s] -- Symlinking: /home/dheeraj/ros-coding-challenge/install/ros88/share/ros88/environment/path.dsv
[7.656s] -- Symlinking: /home/dheeraj/ros-coding-challenge/install/ros88/share/ros88/local_setup.bash
[7.661s] -- Symlinking: /home/dheeraj/ros-coding-challenge/install/ros88/share/ros88/local_setup.sh
[7.665s] -- Symlinking: /home/dheeraj/ros-coding-challenge/install/ros88/share/ros88/local_setup.zsh
[7.670s] -- Symlinking: /home/dheeraj/ros-coding-challenge/install/ros88/share/ros88/local_setup.dsv
[7.674s] -- Symlinking: /home/dheeraj/ros-coding-challenge/install/ros88/share/ros88/package.dsv
[7.679s] -- Symlinking: /home/dheeraj/ros-coding-challenge/install/ros88/share/ament_index/resource_index/packages/ros88
[7.684s] -- Symlinking: /home/dheeraj/ros-coding-challenge/install/ros88/share/ros88/cmake/ros88Config.cmake
[7.688s] -- Symlinking: /home/dheeraj/ros-coding-challenge/install/ros88/share/ros88/cmake/ros88Config-version.cmake
[7.693s] -- Symlinking: /home/dheeraj/ros-coding-challenge/install/ros88/share/ros88/package.xml
[7.699s] Invoked command in '/home/dheeraj/ros-coding-challenge/build/ros88' returned '0': CMAKE_PREFIX_PATH=${CMAKE_PREFIX_PATH}:/opt/ros/humble /usr/bin/cmake --install /home/dheeraj/ros-coding-challenge/build/ros88
