[0.009s] Invoking command in '/home/dheeraj/ros-coding-challenge/build/ros88': CMAKE_PREFIX_PATH=${CMAKE_PREFIX_PATH}:/opt/ros/humble /usr/bin/cmake /home/dheeraj/ros-coding-challenge/src/ros88 -DCMAKE_INSTALL_PREFIX=/home/dheeraj/ros-coding-challenge/install/ros88
[0.018s] -- Found ament_cmake: 1.3.10 (/opt/ros/humble/share/ament_cmake/cmake)
[0.102s] -- Override CMake install command with custom implementation using symlinks instead of copying resources
[0.106s] -- Found rclcpp: 16.0.10 (/opt/ros/humble/share/rclcpp/cmake)
[0.128s] -- Found rosidl_generator_c: 3.1.5 (/opt/ros/humble/share/rosidl_generator_c/cmake)
[0.129s] -- Found rosidl_adapter: 3.1.5 (/opt/ros/humble/share/rosidl_adapter/cmake)
[0.133s] -- Found rosidl_generator_cpp: 3.1.5 (/opt/ros/humble/share/rosidl_generator_cpp/cmake)
[0.139s] -- Using all available rosidl_typesupport_c: rosidl_typesupport_fastrtps_c;rosidl_typesupport_introspection_c
[0.147s] -- Using all available rosidl_typesupport_cpp: rosidl_typesupport_fastrtps_cpp;rosidl_typesupport_introspection_cpp
[0.168s] -- Found rmw_implementation_cmake: 6.1.2 (/opt/ros/humble/share/rmw_implementation_cmake/cmake)
[0.169s] -- Found rmw_cyclonedds_cpp: 1.3.4 (/opt/ros/humble/share/rmw_cyclonedds_cpp/cmake)
[0.180s] -- Using RMW implementation 'rmw_cyclonedds_cpp' as default
[0.212s] -- Found cv_bridge: 3.2.1 (/opt/ros/humble/share/cv_bridge/cmake)
[0.238s] -- Found image_transport: 3.1.9 (/opt/ros/humble/share/image_transport/cmake)
[0.254s] -- Found ament_lint_auto: 0.12.11 (/opt/ros/humble/share/ament_lint_auto/cmake)
[0.308s] -- Added test 'cppcheck' to perform static code analysis on C / C++ code
[0.308s] -- Configured cppcheck include dirs: $<BUILD_INTERFACE:/home/dheeraj/ros-coding-challenge/src/ros88/include>
[0.308s] -- Configured cppcheck exclude dirs and/or files: 
[0.309s] -- Added test 'flake8' to check Python code syntax and style conventions
[0.309s] -- Added test 'lint_cmake' to check CMake code style
[0.310s] -- Added test 'pep257' to check Python code against some of the docstring style conventions in PEP 257
[0.311s] -- Added test 'uncrustify' to check C / C++ code style
[0.311s] -- Configured uncrustify additional arguments: 
[0.311s] -- Added test 'xmllint' to check XML markup files
[0.312s] -- Configuring done
[0.324s] -- Generating done
[0.326s] -- Build files have been written to: /home/dheeraj/ros-coding-challenge/build/ros88
[0.332s] Invoked command in '/home/dheeraj/ros-coding-challenge/build/ros88' returned '0': CMAKE_PREFIX_PATH=${CMAKE_PREFIX_PATH}:/opt/ros/humble /usr/bin/cmake /home/dheeraj/ros-coding-challenge/src/ros88 -DCMAKE_INSTALL_PREFIX=/home/dheeraj/ros-coding-challenge/install/ros88
[0.333s] Invoking command in '/home/dheeraj/ros-coding-challenge/build/ros88': CMAKE_PREFIX_PATH=${CMAKE_PREFIX_PATH}:/opt/ros/humble /usr/bin/cmake --build /home/dheeraj/ros-coding-challenge/build/ros88 -- -j16 -l16
[0.359s] [35m[1mConsolidate compiler generated dependencies of target ros88[0m
[0.371s] [100%] Built target ros88
[0.379s] Invoked command in '/home/dheeraj/ros-coding-challenge/build/ros88' returned '0': CMAKE_PREFIX_PATH=${CMAKE_PREFIX_PATH}:/opt/ros/humble /usr/bin/cmake --build /home/dheeraj/ros-coding-challenge/build/ros88 -- -j16 -l16
[0.401s] Invoking command in '/home/dheeraj/ros-coding-challenge/build/ros88': CMAKE_PREFIX_PATH=${CMAKE_PREFIX_PATH}:/opt/ros/humble /usr/bin/cmake --install /home/dheeraj/ros-coding-challenge/build/ros88
[0.405s] -- Install configuration: ""
[0.405s] -- Execute custom install script
[0.405s] -- Up-to-date symlink: /home/dheeraj/ros-coding-challenge/install/ros88/lib/ros88/ros88
[0.406s] [33mCMake Warning (dev) at ament_cmake_symlink_install/ament_cmake_symlink_install.cmake:62 (file):
[0.406s]   Policy CMP0009 is not set: FILE GLOB_RECURSE calls should not follow
[0.406s]   symlinks by default.  Run "cmake --help-policy CMP0009" for policy details.
[0.406s]   Use the cmake_policy command to set the policy and suppress this warning.
[0.406s] Call Stack (most recent call first):
[0.406s]   ament_cmake_symlink_install/ament_cmake_symlink_install.cmake:317 (ament_cmake_symlink_install_directory)
[0.406s]   cmake_install.cmake:46 (include)
[0.406s] This warning is for project developers.  Use -Wno-dev to suppress it.
[0.406s] [0m
[0.406s] -- Symlinking: /home/dheeraj/ros-coding-challenge/install/ros88/share/ros88/launch/__pycache__/turtle_launch.cpython-310.pyc
[0.411s] -- Up-to-date symlink: /home/dheeraj/ros-coding-challenge/install/ros88/share/ros88/launch/build/.built_by
[0.411s] -- Up-to-date symlink: /home/dheeraj/ros-coding-challenge/install/ros88/share/ros88/launch/build/COLCON_IGNORE
[0.411s] -- Up-to-date symlink: /home/dheeraj/ros-coding-challenge/install/ros88/share/ros88/launch/install/.colcon_install_layout
[0.411s] -- Up-to-date symlink: /home/dheeraj/ros-coding-challenge/install/ros88/share/ros88/launch/install/COLCON_IGNORE
[0.411s] -- Up-to-date symlink: /home/dheeraj/ros-coding-challenge/install/ros88/share/ros88/launch/install/_local_setup_util_ps1.py
[0.411s] -- Up-to-date symlink: /home/dheeraj/ros-coding-challenge/install/ros88/share/ros88/launch/install/_local_setup_util_sh.py
[0.411s] -- Up-to-date symlink: /home/dheeraj/ros-coding-challenge/install/ros88/share/ros88/launch/install/local_setup.bash
[0.411s] -- Up-to-date symlink: /home/dheeraj/ros-coding-challenge/install/ros88/share/ros88/launch/install/local_setup.ps1
[0.412s] -- Up-to-date symlink: /home/dheeraj/ros-coding-challenge/install/ros88/share/ros88/launch/install/local_setup.sh
[0.412s] -- Up-to-date symlink: /home/dheeraj/ros-coding-challenge/install/ros88/share/ros88/launch/install/local_setup.zsh
[0.412s] -- Up-to-date symlink: /home/dheeraj/ros-coding-challenge/install/ros88/share/ros88/launch/install/setup.bash
[0.412s] -- Up-to-date symlink: /home/dheeraj/ros-coding-challenge/install/ros88/share/ros88/launch/install/setup.ps1
[0.412s] -- Up-to-date symlink: /home/dheeraj/ros-coding-challenge/install/ros88/share/ros88/launch/install/setup.sh
[0.412s] -- Up-to-date symlink: /home/dheeraj/ros-coding-challenge/install/ros88/share/ros88/launch/install/setup.zsh
[0.412s] -- Up-to-date symlink: /home/dheeraj/ros-coding-challenge/install/ros88/share/ros88/launch/log/COLCON_IGNORE
[0.412s] -- Up-to-date symlink: /home/dheeraj/ros-coding-challenge/install/ros88/share/ros88/launch/log/build_2024-10-13_17-18-06/events.log
[0.412s] -- Up-to-date symlink: /home/dheeraj/ros-coding-challenge/install/ros88/share/ros88/launch/log/build_2024-10-13_17-18-06/logger_all.log
[0.412s] -- Up-to-date symlink: /home/dheeraj/ros-coding-challenge/install/ros88/share/ros88/launch/log/latest/events.log
[0.412s] -- Up-to-date symlink: /home/dheeraj/ros-coding-challenge/install/ros88/share/ros88/launch/log/latest/logger_all.log
[0.412s] -- Up-to-date symlink: /home/dheeraj/ros-coding-challenge/install/ros88/share/ros88/launch/log/latest_build/events.log
[0.412s] -- Up-to-date symlink: /home/dheeraj/ros-coding-challenge/install/ros88/share/ros88/launch/log/latest_build/logger_all.log
[0.412s] -- Symlinking: /home/dheeraj/ros-coding-challenge/install/ros88/share/ros88/launch/ros88_sub_launch.py
[0.417s] -- Up-to-date symlink: /home/dheeraj/ros-coding-challenge/install/ros88/share/ament_index/resource_index/package_run_dependencies/ros88
[0.417s] -- Up-to-date symlink: /home/dheeraj/ros-coding-challenge/install/ros88/share/ament_index/resource_index/parent_prefix_path/ros88
[0.417s] -- Up-to-date symlink: /home/dheeraj/ros-coding-challenge/install/ros88/share/ros88/environment/ament_prefix_path.sh
[0.417s] -- Up-to-date symlink: /home/dheeraj/ros-coding-challenge/install/ros88/share/ros88/environment/ament_prefix_path.dsv
[0.417s] -- Up-to-date symlink: /home/dheeraj/ros-coding-challenge/install/ros88/share/ros88/environment/path.sh
[0.417s] -- Up-to-date symlink: /home/dheeraj/ros-coding-challenge/install/ros88/share/ros88/environment/path.dsv
[0.418s] -- Up-to-date symlink: /home/dheeraj/ros-coding-challenge/install/ros88/share/ros88/local_setup.bash
[0.418s] -- Up-to-date symlink: /home/dheeraj/ros-coding-challenge/install/ros88/share/ros88/local_setup.sh
[0.418s] -- Up-to-date symlink: /home/dheeraj/ros-coding-challenge/install/ros88/share/ros88/local_setup.zsh
[0.418s] -- Up-to-date symlink: /home/dheeraj/ros-coding-challenge/install/ros88/share/ros88/local_setup.dsv
[0.418s] -- Symlinking: /home/dheeraj/ros-coding-challenge/install/ros88/share/ros88/package.dsv
[0.423s] -- Up-to-date symlink: /home/dheeraj/ros-coding-challenge/install/ros88/share/ament_index/resource_index/packages/ros88
[0.423s] -- Up-to-date symlink: /home/dheeraj/ros-coding-challenge/install/ros88/share/ros88/cmake/ros88Config.cmake
[0.424s] -- Up-to-date symlink: /home/dheeraj/ros-coding-challenge/install/ros88/share/ros88/cmake/ros88Config-version.cmake
[0.424s] -- Up-to-date symlink: /home/dheeraj/ros-coding-challenge/install/ros88/share/ros88/package.xml
[0.425s] Invoked command in '/home/dheeraj/ros-coding-challenge/build/ros88' returned '0': CMAKE_PREFIX_PATH=${CMAKE_PREFIX_PATH}:/opt/ros/humble /usr/bin/cmake --install /home/dheeraj/ros-coding-challenge/build/ros88
