-- Found ament_cmake: 1.3.10 (/opt/ros/humble/share/ament_cmake/cmake)
-- Override CMake install command with custom implementation using symlinks instead of copying resources
-- Found rclcpp: 16.0.10 (/opt/ros/humble/share/rclcpp/cmake)
-- Found rosidl_generator_c: 3.1.5 (/opt/ros/humble/share/rosidl_generator_c/cmake)
-- Found rosidl_adapter: 3.1.5 (/opt/ros/humble/share/rosidl_adapter/cmake)
-- Found rosidl_generator_cpp: 3.1.5 (/opt/ros/humble/share/rosidl_generator_cpp/cmake)
-- Using all available rosidl_typesupport_c: rosidl_typesupport_fastrtps_c;rosidl_typesupport_introspection_c
-- Using all available rosidl_typesupport_cpp: rosidl_typesupport_fastrtps_cpp;rosidl_typesupport_introspection_cpp
-- Found rmw_implementation_cmake: 6.1.2 (/opt/ros/humble/share/rmw_implementation_cmake/cmake)
-- Found rmw_cyclonedds_cpp: 1.3.4 (/opt/ros/humble/share/rmw_cyclonedds_cpp/cmake)
-- Using RMW implementation 'rmw_cyclonedds_cpp' as default
-- Found cv_bridge: 3.2.1 (/opt/ros/humble/share/cv_bridge/cmake)
-- Found image_transport: 3.1.9 (/opt/ros/humble/share/image_transport/cmake)
-- Found ament_lint_auto: 0.12.11 (/opt/ros/humble/share/ament_lint_auto/cmake)
-- Added test 'cppcheck' to perform static code analysis on C / C++ code
-- Configured cppcheck include dirs: $<BUILD_INTERFACE:/home/dheeraj/ros-coding-challenge/src/ros88_pub/include>
-- Configured cppcheck exclude dirs and/or files: 
-- Added test 'flake8' to check Python code syntax and style conventions
-- Added test 'lint_cmake' to check CMake code style
-- Added test 'pep257' to check Python code against some of the docstring style conventions in PEP 257
-- Added test 'uncrustify' to check C / C++ code style
-- Configured uncrustify additional arguments: 
-- Added test 'xmllint' to check XML markup files
-- Configuring done
-- Generating done
-- Build files have been written to: /home/dheeraj/ros-coding-challenge/build/ros88_pub
[35m[1mConsolidate compiler generated dependencies of target ros88_pub[0m
[ 50%] [32mBuilding CXX object CMakeFiles/ros88_pub.dir/src/ros88_pub.cpp.o[0m
[100%] [32m[1mLinking CXX executable ros88_pub[0m
[100%] Built target ros88_pub
-- Install configuration: ""
-- Execute custom install script
-- Symlinking: /home/dheeraj/ros-coding-challenge/install/ros88_pub/lib/ros88_pub/ros88_pub
-- Symlinking: /home/dheeraj/ros-coding-challenge/install/ros88_pub/share/ros88_pub/launch/ros88_pub_launch.py
-- Symlinking: /home/dheeraj/ros-coding-challenge/install/ros88_pub/share/ament_index/resource_index/package_run_dependencies/ros88_pub
-- Symlinking: /home/dheeraj/ros-coding-challenge/install/ros88_pub/share/ament_index/resource_index/parent_prefix_path/ros88_pub
-- Symlinking: /home/dheeraj/ros-coding-challenge/install/ros88_pub/share/ros88_pub/environment/ament_prefix_path.sh
-- Symlinking: /home/dheeraj/ros-coding-challenge/install/ros88_pub/share/ros88_pub/environment/ament_prefix_path.dsv
-- Symlinking: /home/dheeraj/ros-coding-challenge/install/ros88_pub/share/ros88_pub/environment/path.sh
-- Symlinking: /home/dheeraj/ros-coding-challenge/install/ros88_pub/share/ros88_pub/environment/path.dsv
-- Symlinking: /home/dheeraj/ros-coding-challenge/install/ros88_pub/share/ros88_pub/local_setup.bash
-- Symlinking: /home/dheeraj/ros-coding-challenge/install/ros88_pub/share/ros88_pub/local_setup.sh
-- Symlinking: /home/dheeraj/ros-coding-challenge/install/ros88_pub/share/ros88_pub/local_setup.zsh
-- Symlinking: /home/dheeraj/ros-coding-challenge/install/ros88_pub/share/ros88_pub/local_setup.dsv
-- Symlinking: /home/dheeraj/ros-coding-challenge/install/ros88_pub/share/ros88_pub/package.dsv
-- Symlinking: /home/dheeraj/ros-coding-challenge/install/ros88_pub/share/ament_index/resource_index/packages/ros88_pub
-- Symlinking: /home/dheeraj/ros-coding-challenge/install/ros88_pub/share/ros88_pub/cmake/ros88_pubConfig.cmake
-- Symlinking: /home/dheeraj/ros-coding-challenge/install/ros88_pub/share/ros88_pub/cmake/ros88_pubConfig-version.cmake
-- Symlinking: /home/dheeraj/ros-coding-challenge/install/ros88_pub/share/ros88_pub/package.xml
