[0.007s] Invoking command in '/home/dheeraj/ros-coding-challenge/build/ros88': CMAKE_PREFIX_PATH=${CMAKE_PREFIX_PATH}:/opt/ros/humble /usr/bin/cmake --build /home/dheeraj/ros-coding-challenge/build/ros88 -- -j16 -l16
[0.034s] [35m[1mConsolidate compiler generated dependencies of target ros88[0m
[0.046s] [ 50%] [32mBuilding CXX object CMakeFiles/ros88.dir/src/ros88.cpp.o[0m
[8.566s] [100%] [32m[1mLinking CXX executable ros88[0m
[9.175s] [100%] Built target ros88
[9.186s] Invoked command in '/home/dheeraj/ros-coding-challenge/build/ros88' returned '0': CMAKE_PREFIX_PATH=${CMAKE_PREFIX_PATH}:/opt/ros/humble /usr/bin/cmake --build /home/dheeraj/ros-coding-challenge/build/ros88 -- -j16 -l16
[9.210s] Invoking command in '/home/dheeraj/ros-coding-challenge/build/ros88': CMAKE_PREFIX_PATH=${CMAKE_PREFIX_PATH}:/opt/ros/humble /usr/bin/cmake --install /home/dheeraj/ros-coding-challenge/build/ros88
[9.215s] -- Install configuration: ""
[9.215s] -- Execute custom install script
[9.216s] -- Up-to-date symlink: /home/dheeraj/ros-coding-challenge/install/ros88/lib/ros88/ros88
[9.216s] [33mCMake Warning (dev) at ament_cmake_symlink_install/ament_cmake_symlink_install.cmake:62 (file):
[9.216s]   Policy CMP0009 is not set: FILE GLOB_RECURSE calls should not follow
[9.216s]   symlinks by default.  Run "cmake --help-policy CMP0009" for policy details.
[9.216s]   Use the cmake_policy command to set the policy and suppress this warning.
[9.216s] Call Stack (most recent call first):
[9.216s]   ament_cmake_symlink_install/ament_cmake_symlink_install.cmake:317 (ament_cmake_symlink_install_directory)
[9.216s]   cmake_install.cmake:46 (include)
[9.216s] This warning is for project developers.  Use -Wno-dev to suppress it.
[9.216s] [0m
[9.216s] -- Up-to-date symlink: /home/dheeraj/ros-coding-challenge/install/ros88/share/ros88/launch/__pycache__/turtle_launch.cpython-310.pyc
[9.216s] -- Up-to-date symlink: /home/dheeraj/ros-coding-challenge/install/ros88/share/ros88/launch/build/.built_by
[9.216s] -- Up-to-date symlink: /home/dheeraj/ros-coding-challenge/install/ros88/share/ros88/launch/build/COLCON_IGNORE
[9.216s] -- Up-to-date symlink: /home/dheeraj/ros-coding-challenge/install/ros88/share/ros88/launch/install/.colcon_install_layout
[9.216s] -- Up-to-date symlink: /home/dheeraj/ros-coding-challenge/install/ros88/share/ros88/launch/install/COLCON_IGNORE
[9.216s] -- Up-to-date symlink: /home/dheeraj/ros-coding-challenge/install/ros88/share/ros88/launch/install/_local_setup_util_ps1.py
[9.216s] -- Up-to-date symlink: /home/dheeraj/ros-coding-challenge/install/ros88/share/ros88/launch/install/_local_setup_util_sh.py
[9.216s] -- Up-to-date symlink: /home/dheeraj/ros-coding-challenge/install/ros88/share/ros88/launch/install/local_setup.bash
[9.217s] -- Up-to-date symlink: /home/dheeraj/ros-coding-challenge/install/ros88/share/ros88/launch/install/local_setup.ps1
[9.217s] -- Up-to-date symlink: /home/dheeraj/ros-coding-challenge/install/ros88/share/ros88/launch/install/local_setup.sh
[9.217s] -- Up-to-date symlink: /home/dheeraj/ros-coding-challenge/install/ros88/share/ros88/launch/install/local_setup.zsh
[9.217s] -- Up-to-date symlink: /home/dheeraj/ros-coding-challenge/install/ros88/share/ros88/launch/install/setup.bash
[9.217s] -- Up-to-date symlink: /home/dheeraj/ros-coding-challenge/install/ros88/share/ros88/launch/install/setup.ps1
[9.217s] -- Up-to-date symlink: /home/dheeraj/ros-coding-challenge/install/ros88/share/ros88/launch/install/setup.sh
[9.217s] -- Up-to-date symlink: /home/dheeraj/ros-coding-challenge/install/ros88/share/ros88/launch/install/setup.zsh
[9.217s] -- Up-to-date symlink: /home/dheeraj/ros-coding-challenge/install/ros88/share/ros88/launch/log/COLCON_IGNORE
[9.217s] -- Up-to-date symlink: /home/dheeraj/ros-coding-challenge/install/ros88/share/ros88/launch/log/build_2024-10-13_17-18-06/events.log
[9.217s] -- Up-to-date symlink: /home/dheeraj/ros-coding-challenge/install/ros88/share/ros88/launch/log/build_2024-10-13_17-18-06/logger_all.log
[9.217s] -- Up-to-date symlink: /home/dheeraj/ros-coding-challenge/install/ros88/share/ros88/launch/log/latest/events.log
[9.217s] -- Up-to-date symlink: /home/dheeraj/ros-coding-challenge/install/ros88/share/ros88/launch/log/latest/logger_all.log
[9.217s] -- Up-to-date symlink: /home/dheeraj/ros-coding-challenge/install/ros88/share/ros88/launch/log/latest_build/events.log
[9.217s] -- Up-to-date symlink: /home/dheeraj/ros-coding-challenge/install/ros88/share/ros88/launch/log/latest_build/logger_all.log
[9.217s] -- Up-to-date symlink: /home/dheeraj/ros-coding-challenge/install/ros88/share/ros88/launch/ros88_sub_launch.py
[9.217s] -- Up-to-date symlink: /home/dheeraj/ros-coding-challenge/install/ros88/share/ament_index/resource_index/package_run_dependencies/ros88
[9.217s] -- Up-to-date symlink: /home/dheeraj/ros-coding-challenge/install/ros88/share/ament_index/resource_index/parent_prefix_path/ros88
[9.217s] -- Up-to-date symlink: /home/dheeraj/ros-coding-challenge/install/ros88/share/ros88/environment/ament_prefix_path.sh
[9.217s] -- Up-to-date symlink: /home/dheeraj/ros-coding-challenge/install/ros88/share/ros88/environment/ament_prefix_path.dsv
[9.217s] -- Up-to-date symlink: /home/dheeraj/ros-coding-challenge/install/ros88/share/ros88/environment/path.sh
[9.218s] -- Up-to-date symlink: /home/dheeraj/ros-coding-challenge/install/ros88/share/ros88/environment/path.dsv
[9.218s] -- Up-to-date symlink: /home/dheeraj/ros-coding-challenge/install/ros88/share/ros88/local_setup.bash
[9.218s] -- Up-to-date symlink: /home/dheeraj/ros-coding-challenge/install/ros88/share/ros88/local_setup.sh
[9.218s] -- Up-to-date symlink: /home/dheeraj/ros-coding-challenge/install/ros88/share/ros88/local_setup.zsh
[9.218s] -- Up-to-date symlink: /home/dheeraj/ros-coding-challenge/install/ros88/share/ros88/local_setup.dsv
[9.218s] -- Symlinking: /home/dheeraj/ros-coding-challenge/install/ros88/share/ros88/package.dsv
[9.224s] -- Up-to-date symlink: /home/dheeraj/ros-coding-challenge/install/ros88/share/ament_index/resource_index/packages/ros88
[9.224s] -- Up-to-date symlink: /home/dheeraj/ros-coding-challenge/install/ros88/share/ros88/cmake/ros88Config.cmake
[9.224s] -- Up-to-date symlink: /home/dheeraj/ros-coding-challenge/install/ros88/share/ros88/cmake/ros88Config-version.cmake
[9.224s] -- Up-to-date symlink: /home/dheeraj/ros-coding-challenge/install/ros88/share/ros88/package.xml
[9.226s] Invoked command in '/home/dheeraj/ros-coding-challenge/build/ros88' returned '0': CMAKE_PREFIX_PATH=${CMAKE_PREFIX_PATH}:/opt/ros/humble /usr/bin/cmake --install /home/dheeraj/ros-coding-challenge/build/ros88
