[0.066s] DEBUG:colcon:Command line arguments: ['/usr/bin/colcon', 'build', '--packages-select', 'ros88', '--symlink-install']
[0.066s] DEBUG:colcon:Parsed command line arguments: Namespace(log_base=None, log_level=None, verb_name='build', build_base='build', install_base='install', merge_install=False, symlink_install=True, test_result_base=None, continue_on_error=False, executor='parallel', parallel_workers=16, event_handlers=None, ignore_user_meta=False, metas=['./colcon.meta'], base_paths=['.'], packages_ignore=None, packages_ignore_regex=None, paths=None, packages_up_to=None, packages_up_to_regex=None, packages_above=None, packages_above_and_dependencies=None, packages_above_depth=None, packages_select_by_dep=None, packages_skip_by_dep=None, packages_skip_up_to=None, packages_select_build_failed=False, packages_skip_build_finished=False, packages_select_test_failures=False, packages_skip_test_passed=False, packages_select=['ros88'], packages_skip=None, packages_select_regex=None, packages_skip_regex=None, packages_start=None, packages_end=None, allow_overriding=[], cmake_args=None, cmake_target=None, cmake_target_skip_unavailable=False, cmake_clean_cache=False, cmake_clean_first=False, cmake_force_configure=False, ament_cmake_args=None, catkin_cmake_args=None, catkin_skip_building_tests=False, mixin_files=None, mixin=None, verb_parser=<colcon_mixin.mixin.mixin_argument.MixinArgumentDecorator object at 0x77f48463b460>, verb_extension=<colcon_core.verb.build.BuildVerb object at 0x77f4847a7850>, main=<bound method BuildVerb.main of <colcon_core.verb.build.BuildVerb object at 0x77f4847a7850>>, mixin_verb=('build',))
[0.107s] Level 1:colcon.colcon_core.package_discovery:discover_packages(colcon_meta) check parameters
[0.107s] Level 1:colcon.colcon_core.package_discovery:discover_packages(recursive) check parameters
[0.107s] Level 1:colcon.colcon_core.package_discovery:discover_packages(ignore) check parameters
[0.107s] Level 1:colcon.colcon_core.package_discovery:discover_packages(path) check parameters
[0.107s] Level 1:colcon.colcon_core.package_discovery:discover_packages(colcon_meta) discover
[0.107s] Level 1:colcon.colcon_core.package_discovery:discover_packages(recursive) discover
[0.107s] INFO:colcon.colcon_core.package_discovery:Crawling recursively for packages in '/home/dheeraj/ros-coding-challenge'
[0.107s] Level 1:colcon.colcon_core.package_identification:_identify(.) by extensions ['ignore', 'ignore_ament_install']
[0.107s] Level 1:colcon.colcon_core.package_identification:_identify(.) by extension 'ignore'
[0.107s] Level 1:colcon.colcon_core.package_identification:_identify(.) by extension 'ignore_ament_install'
[0.107s] Level 1:colcon.colcon_core.package_identification:_identify(.) by extensions ['colcon_pkg']
[0.107s] Level 1:colcon.colcon_core.package_identification:_identify(.) by extension 'colcon_pkg'
[0.107s] Level 1:colcon.colcon_core.package_identification:_identify(.) by extensions ['colcon_meta']
[0.107s] Level 1:colcon.colcon_core.package_identification:_identify(.) by extension 'colcon_meta'
[0.107s] Level 1:colcon.colcon_core.package_identification:_identify(.) by extensions ['ros']
[0.107s] Level 1:colcon.colcon_core.package_identification:_identify(.) by extension 'ros'
[0.109s] Level 1:colcon.colcon_core.package_identification:_identify(.) by extensions ['cmake', 'python']
[0.109s] Level 1:colcon.colcon_core.package_identification:_identify(.) by extension 'cmake'
[0.109s] Level 1:colcon.colcon_core.package_identification:_identify(.) by extension 'python'
[0.109s] Level 1:colcon.colcon_core.package_identification:_identify(.) by extensions ['python_setup_py']
[0.109s] Level 1:colcon.colcon_core.package_identification:_identify(.) by extension 'python_setup_py'
[0.109s] Level 1:colcon.colcon_core.package_identification:_identify(build) by extensions ['ignore', 'ignore_ament_install']
[0.109s] Level 1:colcon.colcon_core.package_identification:_identify(build) by extension 'ignore'
[0.109s] Level 1:colcon.colcon_core.package_identification:_identify(build) ignored
[0.109s] Level 1:colcon.colcon_core.package_identification:_identify(install) by extensions ['ignore', 'ignore_ament_install']
[0.109s] Level 1:colcon.colcon_core.package_identification:_identify(install) by extension 'ignore'
[0.109s] Level 1:colcon.colcon_core.package_identification:_identify(install) ignored
[0.110s] Level 1:colcon.colcon_core.package_identification:_identify(log) by extensions ['ignore', 'ignore_ament_install']
[0.110s] Level 1:colcon.colcon_core.package_identification:_identify(log) by extension 'ignore'
[0.110s] Level 1:colcon.colcon_core.package_identification:_identify(log) ignored
[0.110s] Level 1:colcon.colcon_core.package_identification:_identify(src) by extensions ['ignore', 'ignore_ament_install']
[0.110s] Level 1:colcon.colcon_core.package_identification:_identify(src) by extension 'ignore'
[0.110s] Level 1:colcon.colcon_core.package_identification:_identify(src) by extension 'ignore_ament_install'
[0.110s] Level 1:colcon.colcon_core.package_identification:_identify(src) by extensions ['colcon_pkg']
[0.110s] Level 1:colcon.colcon_core.package_identification:_identify(src) by extension 'colcon_pkg'
[0.110s] Level 1:colcon.colcon_core.package_identification:_identify(src) by extensions ['colcon_meta']
[0.110s] Level 1:colcon.colcon_core.package_identification:_identify(src) by extension 'colcon_meta'
[0.110s] Level 1:colcon.colcon_core.package_identification:_identify(src) by extensions ['ros']
[0.110s] Level 1:colcon.colcon_core.package_identification:_identify(src) by extension 'ros'
[0.110s] Level 1:colcon.colcon_core.package_identification:_identify(src) by extensions ['cmake', 'python']
[0.110s] Level 1:colcon.colcon_core.package_identification:_identify(src) by extension 'cmake'
[0.110s] Level 1:colcon.colcon_core.package_identification:_identify(src) by extension 'python'
[0.110s] Level 1:colcon.colcon_core.package_identification:_identify(src) by extensions ['python_setup_py']
[0.110s] Level 1:colcon.colcon_core.package_identification:_identify(src) by extension 'python_setup_py'
[0.110s] Level 1:colcon.colcon_core.package_identification:_identify(src/image_processor_pkg) by extensions ['ignore', 'ignore_ament_install']
[0.110s] Level 1:colcon.colcon_core.package_identification:_identify(src/image_processor_pkg) by extension 'ignore'
[0.110s] Level 1:colcon.colcon_core.package_identification:_identify(src/image_processor_pkg) by extension 'ignore_ament_install'
[0.110s] Level 1:colcon.colcon_core.package_identification:_identify(src/image_processor_pkg) by extensions ['colcon_pkg']
[0.110s] Level 1:colcon.colcon_core.package_identification:_identify(src/image_processor_pkg) by extension 'colcon_pkg'
[0.110s] Level 1:colcon.colcon_core.package_identification:_identify(src/image_processor_pkg) by extensions ['colcon_meta']
[0.110s] Level 1:colcon.colcon_core.package_identification:_identify(src/image_processor_pkg) by extension 'colcon_meta'
[0.110s] Level 1:colcon.colcon_core.package_identification:_identify(src/image_processor_pkg) by extensions ['ros']
[0.110s] Level 1:colcon.colcon_core.package_identification:_identify(src/image_processor_pkg) by extension 'ros'
[0.112s] DEBUG:colcon.colcon_core.package_identification:Package 'src/image_processor_pkg' with type 'ros.ament_cmake' and name 'image_processor_pkg'
[0.112s] Level 1:colcon.colcon_core.package_identification:_identify(src/my_package) by extensions ['ignore', 'ignore_ament_install']
[0.112s] Level 1:colcon.colcon_core.package_identification:_identify(src/my_package) by extension 'ignore'
[0.112s] Level 1:colcon.colcon_core.package_identification:_identify(src/my_package) by extension 'ignore_ament_install'
[0.112s] Level 1:colcon.colcon_core.package_identification:_identify(src/my_package) by extensions ['colcon_pkg']
[0.112s] Level 1:colcon.colcon_core.package_identification:_identify(src/my_package) by extension 'colcon_pkg'
[0.112s] Level 1:colcon.colcon_core.package_identification:_identify(src/my_package) by extensions ['colcon_meta']
[0.112s] Level 1:colcon.colcon_core.package_identification:_identify(src/my_package) by extension 'colcon_meta'
[0.112s] Level 1:colcon.colcon_core.package_identification:_identify(src/my_package) by extensions ['ros']
[0.112s] Level 1:colcon.colcon_core.package_identification:_identify(src/my_package) by extension 'ros'
[0.113s] DEBUG:colcon.colcon_core.package_identification:Package 'src/my_package' with type 'ros.ament_cmake' and name 'my_package'
[0.113s] Level 1:colcon.colcon_core.package_identification:_identify(src/ros88) by extensions ['ignore', 'ignore_ament_install']
[0.113s] Level 1:colcon.colcon_core.package_identification:_identify(src/ros88) by extension 'ignore'
[0.113s] Level 1:colcon.colcon_core.package_identification:_identify(src/ros88) by extension 'ignore_ament_install'
[0.113s] Level 1:colcon.colcon_core.package_identification:_identify(src/ros88) by extensions ['colcon_pkg']
[0.113s] Level 1:colcon.colcon_core.package_identification:_identify(src/ros88) by extension 'colcon_pkg'
[0.113s] Level 1:colcon.colcon_core.package_identification:_identify(src/ros88) by extensions ['colcon_meta']
[0.113s] Level 1:colcon.colcon_core.package_identification:_identify(src/ros88) by extension 'colcon_meta'
[0.113s] Level 1:colcon.colcon_core.package_identification:_identify(src/ros88) by extensions ['ros']
[0.113s] Level 1:colcon.colcon_core.package_identification:_identify(src/ros88) by extension 'ros'
[0.113s] DEBUG:colcon.colcon_core.package_identification:Package 'src/ros88' with type 'ros.ament_cmake' and name 'ros88'
[0.113s] Level 1:colcon.colcon_core.package_discovery:discover_packages(recursive) using defaults
[0.113s] Level 1:colcon.colcon_core.package_discovery:discover_packages(ignore) discover
[0.113s] Level 1:colcon.colcon_core.package_discovery:discover_packages(ignore) using defaults
[0.113s] Level 1:colcon.colcon_core.package_discovery:discover_packages(path) discover
[0.113s] Level 1:colcon.colcon_core.package_discovery:discover_packages(path) using defaults
[0.126s] INFO:colcon.colcon_core.package_selection:Skipping not selected package 'image_processor_pkg' in 'src/image_processor_pkg'
[0.126s] INFO:colcon.colcon_core.package_selection:Skipping not selected package 'my_package' in 'src/my_package'
[0.126s] Level 1:colcon.colcon_core.package_discovery:discover_packages(prefix_path) check parameters
[0.126s] Level 1:colcon.colcon_core.package_discovery:discover_packages(prefix_path) discover
[0.127s] WARNING:colcon.colcon_core.prefix_path.colcon:The path '/home/dheeraj/ros-coding-challenge/src/install' in the environment variable COLCON_PREFIX_PATH doesn't exist
[0.127s] WARNING:colcon.colcon_ros.prefix_path.ament:The path '/home/dheeraj/ros-coding-challenge/install/ros88' in the environment variable AMENT_PREFIX_PATH doesn't exist
[0.127s] WARNING:colcon.colcon_ros.prefix_path.ament:The path '/home/dheeraj/ros-coding-challenge/install/image_processor_pkg' in the environment variable AMENT_PREFIX_PATH doesn't exist
[0.127s] WARNING:colcon.colcon_ros.prefix_path.ament:The path '/home/dheeraj/ros-coding-challenge/install/my_package' in the environment variable AMENT_PREFIX_PATH doesn't exist
[0.127s] WARNING:colcon.colcon_ros.prefix_path.ament:The path '/home/dheeraj/ros-coding-challenge/src/install/my_package' in the environment variable AMENT_PREFIX_PATH doesn't exist
[0.127s] WARNING:colcon.colcon_ros.prefix_path.catkin:The path '/home/dheeraj/ros-coding-challenge/install/ros88' in the environment variable CMAKE_PREFIX_PATH doesn't exist
[0.127s] WARNING:colcon.colcon_ros.prefix_path.catkin:The path '/home/dheeraj/ros-coding-challenge/install/image_processor_pkg' in the environment variable CMAKE_PREFIX_PATH doesn't exist
[0.127s] WARNING:colcon.colcon_ros.prefix_path.catkin:The path '/home/dheeraj/ros-coding-challenge/install/my_package' in the environment variable CMAKE_PREFIX_PATH doesn't exist
[0.127s] WARNING:colcon.colcon_ros.prefix_path.catkin:The path '/home/dheeraj/ros-coding-challenge/src/install/my_package' in the environment variable CMAKE_PREFIX_PATH doesn't exist
[0.127s] DEBUG:colcon.colcon_installed_package_information.package_discovery:Found 0 installed packages in /home/dheeraj/ros-coding-challenge/install
[0.128s] DEBUG:colcon.colcon_installed_package_information.package_discovery:Found 389 installed packages in /opt/ros/humble
[0.130s] Level 1:colcon.colcon_core.package_discovery:discover_packages(prefix_path) using defaults
[0.158s] Level 5:colcon.colcon_core.verb:set package 'ros88' build argument 'cmake_args' from command line to 'None'
[0.158s] Level 5:colcon.colcon_core.verb:set package 'ros88' build argument 'cmake_target' from command line to 'None'
[0.158s] Level 5:colcon.colcon_core.verb:set package 'ros88' build argument 'cmake_target_skip_unavailable' from command line to 'False'
[0.158s] Level 5:colcon.colcon_core.verb:set package 'ros88' build argument 'cmake_clean_cache' from command line to 'False'
[0.158s] Level 5:colcon.colcon_core.verb:set package 'ros88' build argument 'cmake_clean_first' from command line to 'False'
[0.158s] Level 5:colcon.colcon_core.verb:set package 'ros88' build argument 'cmake_force_configure' from command line to 'False'
[0.158s] Level 5:colcon.colcon_core.verb:set package 'ros88' build argument 'ament_cmake_args' from command line to 'None'
[0.158s] Level 5:colcon.colcon_core.verb:set package 'ros88' build argument 'catkin_cmake_args' from command line to 'None'
[0.158s] Level 5:colcon.colcon_core.verb:set package 'ros88' build argument 'catkin_skip_building_tests' from command line to 'False'
[0.159s] DEBUG:colcon.colcon_core.verb:Building package 'ros88' with the following arguments: {'ament_cmake_args': None, 'build_base': '/home/dheeraj/ros-coding-challenge/build/ros88', 'catkin_cmake_args': None, 'catkin_skip_building_tests': False, 'cmake_args': None, 'cmake_clean_cache': False, 'cmake_clean_first': False, 'cmake_force_configure': False, 'cmake_target': None, 'cmake_target_skip_unavailable': False, 'install_base': '/home/dheeraj/ros-coding-challenge/install/ros88', 'merge_install': False, 'path': '/home/dheeraj/ros-coding-challenge/src/ros88', 'symlink_install': True, 'test_result_base': None}
[0.159s] INFO:colcon.colcon_core.executor:Executing jobs using 'parallel' executor
[0.159s] DEBUG:colcon.colcon_parallel_executor.executor.parallel:run_until_complete
[0.160s] INFO:colcon.colcon_ros.task.ament_cmake.build:Building ROS package in '/home/dheeraj/ros-coding-challenge/src/ros88' with build type 'ament_cmake'
[0.160s] INFO:colcon.colcon_cmake.task.cmake.build:Building CMake package in '/home/dheeraj/ros-coding-challenge/src/ros88'
[0.161s] INFO:colcon.colcon_core.plugin_system:Skipping extension 'colcon_core.shell.bat': Not used on non-Windows systems
[0.161s] INFO:colcon.colcon_core.shell:Skip shell extension 'powershell' for command environment: Not usable outside of PowerShell
[0.161s] DEBUG:colcon.colcon_core.shell:Skip shell extension 'dsv' for command environment
[0.167s] DEBUG:colcon.colcon_core.event_handler.log_command:Invoking command in '/home/dheeraj/ros-coding-challenge/build/ros88': CMAKE_PREFIX_PATH=${CMAKE_PREFIX_PATH}:/opt/ros/humble /usr/bin/cmake /home/dheeraj/ros-coding-challenge/src/ros88 -DAMENT_CMAKE_SYMLINK_INSTALL=1 -DCMAKE_INSTALL_PREFIX=/home/dheeraj/ros-coding-challenge/install/ros88
[1.028s] DEBUG:colcon.colcon_core.event_handler.log_command:Invoked command in '/home/dheeraj/ros-coding-challenge/build/ros88' returned '0': CMAKE_PREFIX_PATH=${CMAKE_PREFIX_PATH}:/opt/ros/humble /usr/bin/cmake /home/dheeraj/ros-coding-challenge/src/ros88 -DAMENT_CMAKE_SYMLINK_INSTALL=1 -DCMAKE_INSTALL_PREFIX=/home/dheeraj/ros-coding-challenge/install/ros88
[1.030s] DEBUG:colcon.colcon_core.event_handler.log_command:Invoking command in '/home/dheeraj/ros-coding-challenge/build/ros88': CMAKE_PREFIX_PATH=${CMAKE_PREFIX_PATH}:/opt/ros/humble /usr/bin/cmake --build /home/dheeraj/ros-coding-challenge/build/ros88 -- -j16 -l16
[7.647s] DEBUG:colcon.colcon_core.event_handler.log_command:Invoked command in '/home/dheeraj/ros-coding-challenge/build/ros88' returned '0': CMAKE_PREFIX_PATH=${CMAKE_PREFIX_PATH}:/opt/ros/humble /usr/bin/cmake --build /home/dheeraj/ros-coding-challenge/build/ros88 -- -j16 -l16
[7.667s] DEBUG:colcon.colcon_core.event_handler.log_command:Invoking command in '/home/dheeraj/ros-coding-challenge/build/ros88': CMAKE_PREFIX_PATH=${CMAKE_PREFIX_PATH}:/opt/ros/humble /usr/bin/cmake --install /home/dheeraj/ros-coding-challenge/build/ros88
[7.858s] Level 1:colcon.colcon_core.environment:create_environment_scripts_only(ros88)
[7.859s] DEBUG:colcon.colcon_core.event_handler.log_command:Invoked command in '/home/dheeraj/ros-coding-challenge/build/ros88' returned '0': CMAKE_PREFIX_PATH=${CMAKE_PREFIX_PATH}:/opt/ros/humble /usr/bin/cmake --install /home/dheeraj/ros-coding-challenge/build/ros88
[7.860s] Level 1:colcon.colcon_core.environment:checking '/home/dheeraj/ros-coding-challenge/install/ros88' for CMake module files
[7.860s] Level 1:colcon.colcon_core.environment:checking '/home/dheeraj/ros-coding-challenge/install/ros88' for CMake config files
[7.861s] Level 1:colcon.colcon_core.shell:create_environment_hook('ros88', 'cmake_prefix_path')
[7.861s] INFO:colcon.colcon_core.shell:Creating environment hook '/home/dheeraj/ros-coding-challenge/install/ros88/share/ros88/hook/cmake_prefix_path.ps1'
[7.861s] INFO:colcon.colcon_core.shell:Creating environment descriptor '/home/dheeraj/ros-coding-challenge/install/ros88/share/ros88/hook/cmake_prefix_path.dsv'
[7.861s] INFO:colcon.colcon_core.shell:Creating environment hook '/home/dheeraj/ros-coding-challenge/install/ros88/share/ros88/hook/cmake_prefix_path.sh'
[7.862s] Level 1:colcon.colcon_core.environment:checking '/home/dheeraj/ros-coding-challenge/install/ros88/lib'
[7.862s] Level 1:colcon.colcon_core.environment:checking '/home/dheeraj/ros-coding-challenge/install/ros88/bin'
[7.862s] Level 1:colcon.colcon_core.environment:checking '/home/dheeraj/ros-coding-challenge/install/ros88/lib/pkgconfig/ros88.pc'
[7.862s] Level 1:colcon.colcon_core.environment:checking '/home/dheeraj/ros-coding-challenge/install/ros88/lib/python3.10/site-packages'
[7.862s] Level 1:colcon.colcon_core.environment:checking '/home/dheeraj/ros-coding-challenge/install/ros88/bin'
[7.862s] INFO:colcon.colcon_core.shell:Creating package script '/home/dheeraj/ros-coding-challenge/install/ros88/share/ros88/package.ps1'
[7.863s] INFO:colcon.colcon_core.shell:Creating package descriptor '/home/dheeraj/ros-coding-challenge/install/ros88/share/ros88/package.dsv'
[7.863s] INFO:colcon.colcon_core.shell:Creating package script '/home/dheeraj/ros-coding-challenge/install/ros88/share/ros88/package.sh'
[7.864s] INFO:colcon.colcon_core.shell:Creating package script '/home/dheeraj/ros-coding-challenge/install/ros88/share/ros88/package.bash'
[7.864s] INFO:colcon.colcon_core.shell:Creating package script '/home/dheeraj/ros-coding-challenge/install/ros88/share/ros88/package.zsh'
[7.864s] Level 1:colcon.colcon_core.environment:create_file_with_runtime_dependencies(/home/dheeraj/ros-coding-challenge/install/ros88/share/colcon-core/packages/ros88)
[7.880s] Level 1:colcon.colcon_core.environment:create_environment_scripts_only(ros88)
[7.880s] Level 1:colcon.colcon_core.environment:checking '/home/dheeraj/ros-coding-challenge/install/ros88' for CMake module files
[7.880s] Level 1:colcon.colcon_core.environment:checking '/home/dheeraj/ros-coding-challenge/install/ros88' for CMake config files
[7.880s] Level 1:colcon.colcon_core.shell:create_environment_hook('ros88', 'cmake_prefix_path')
[7.881s] INFO:colcon.colcon_core.shell:Creating environment hook '/home/dheeraj/ros-coding-challenge/install/ros88/share/ros88/hook/cmake_prefix_path.ps1'
[7.881s] INFO:colcon.colcon_core.shell:Creating environment descriptor '/home/dheeraj/ros-coding-challenge/install/ros88/share/ros88/hook/cmake_prefix_path.dsv'
[7.881s] INFO:colcon.colcon_core.shell:Creating environment hook '/home/dheeraj/ros-coding-challenge/install/ros88/share/ros88/hook/cmake_prefix_path.sh'
[7.881s] Level 1:colcon.colcon_core.environment:checking '/home/dheeraj/ros-coding-challenge/install/ros88/lib'
[7.881s] Level 1:colcon.colcon_core.environment:checking '/home/dheeraj/ros-coding-challenge/install/ros88/bin'
[7.881s] Level 1:colcon.colcon_core.environment:checking '/home/dheeraj/ros-coding-challenge/install/ros88/lib/pkgconfig/ros88.pc'
[7.881s] Level 1:colcon.colcon_core.environment:checking '/home/dheeraj/ros-coding-challenge/install/ros88/lib/python3.10/site-packages'
[7.882s] Level 1:colcon.colcon_core.environment:checking '/home/dheeraj/ros-coding-challenge/install/ros88/bin'
[7.882s] INFO:colcon.colcon_core.shell:Creating package script '/home/dheeraj/ros-coding-challenge/install/ros88/share/ros88/package.ps1'
[7.882s] INFO:colcon.colcon_core.shell:Creating package descriptor '/home/dheeraj/ros-coding-challenge/install/ros88/share/ros88/package.dsv'
[7.882s] INFO:colcon.colcon_core.shell:Creating package script '/home/dheeraj/ros-coding-challenge/install/ros88/share/ros88/package.sh'
[7.883s] INFO:colcon.colcon_core.shell:Creating package script '/home/dheeraj/ros-coding-challenge/install/ros88/share/ros88/package.bash'
[7.883s] INFO:colcon.colcon_core.shell:Creating package script '/home/dheeraj/ros-coding-challenge/install/ros88/share/ros88/package.zsh'
[7.883s] Level 1:colcon.colcon_core.environment:create_file_with_runtime_dependencies(/home/dheeraj/ros-coding-challenge/install/ros88/share/colcon-core/packages/ros88)
[7.883s] DEBUG:colcon.colcon_parallel_executor.executor.parallel:closing loop
[7.883s] DEBUG:colcon.colcon_parallel_executor.executor.parallel:loop closed
[7.883s] DEBUG:colcon.colcon_parallel_executor.executor.parallel:run_until_complete finished with '0'
[7.883s] DEBUG:colcon.colcon_core.event_reactor:joining thread
[7.896s] INFO:colcon.colcon_core.plugin_system:Skipping extension 'colcon_notification.desktop_notification.terminal_notifier': Not used on non-Darwin systems
[7.896s] INFO:colcon.colcon_core.plugin_system:Skipping extension 'colcon_notification.desktop_notification.win32': Not used on non-Windows systems
[7.896s] INFO:colcon.colcon_notification.desktop_notification:Sending desktop notification using 'notify2'
[7.905s] DEBUG:colcon.colcon_core.event_reactor:joined thread
[7.905s] INFO:colcon.colcon_core.shell:Creating prefix script '/home/dheeraj/ros-coding-challenge/install/local_setup.ps1'
[7.907s] INFO:colcon.colcon_core.shell:Creating prefix util module '/home/dheeraj/ros-coding-challenge/install/_local_setup_util_ps1.py'
[7.908s] INFO:colcon.colcon_core.shell:Creating prefix chain script '/home/dheeraj/ros-coding-challenge/install/setup.ps1'
[7.908s] INFO:colcon.colcon_core.shell:Creating prefix script '/home/dheeraj/ros-coding-challenge/install/local_setup.sh'
[7.909s] INFO:colcon.colcon_core.shell:Creating prefix util module '/home/dheeraj/ros-coding-challenge/install/_local_setup_util_sh.py'
[7.909s] INFO:colcon.colcon_core.shell:Creating prefix chain script '/home/dheeraj/ros-coding-challenge/install/setup.sh'
[7.910s] INFO:colcon.colcon_core.shell:Creating prefix script '/home/dheeraj/ros-coding-challenge/install/local_setup.bash'
[7.910s] INFO:colcon.colcon_core.shell:Creating prefix chain script '/home/dheeraj/ros-coding-challenge/install/setup.bash'
[7.911s] INFO:colcon.colcon_core.shell:Creating prefix script '/home/dheeraj/ros-coding-challenge/install/local_setup.zsh'
[7.911s] INFO:colcon.colcon_core.shell:Creating prefix chain script '/home/dheeraj/ros-coding-challenge/install/setup.zsh'
