[0.065s] DEBUG:colcon:Command line arguments: ['/usr/bin/colcon', 'build', '--packages-select', 'ros88_pub', '--symlink-install']
[0.065s] DEBUG:colcon:Parsed command line arguments: Namespace(log_base=None, log_level=None, verb_name='build', build_base='build', install_base='install', merge_install=False, symlink_install=True, test_result_base=None, continue_on_error=False, executor='parallel', parallel_workers=16, event_handlers=None, ignore_user_meta=False, metas=['./colcon.meta'], base_paths=['.'], packages_ignore=None, packages_ignore_regex=None, paths=None, packages_up_to=None, packages_up_to_regex=None, packages_above=None, packages_above_and_dependencies=None, packages_above_depth=None, packages_select_by_dep=None, packages_skip_by_dep=None, packages_skip_up_to=None, packages_select_build_failed=False, packages_skip_build_finished=False, packages_select_test_failures=False, packages_skip_test_passed=False, packages_select=['ros88_pub'], packages_skip=None, packages_select_regex=None, packages_skip_regex=None, packages_start=None, packages_end=None, allow_overriding=[], cmake_args=None, cmake_target=None, cmake_target_skip_unavailable=False, cmake_clean_cache=False, cmake_clean_first=False, cmake_force_configure=False, ament_cmake_args=None, catkin_cmake_args=None, catkin_skip_building_tests=False, mixin_files=None, mixin=None, verb_parser=<colcon_mixin.mixin.mixin_argument.MixinArgumentDecorator object at 0x7514c113b5b0>, verb_extension=<colcon_core.verb.build.BuildVerb object at 0x7514c12a79a0>, main=<bound method BuildVerb.main of <colcon_core.verb.build.BuildVerb object at 0x7514c12a79a0>>, mixin_verb=('build',))
[0.099s] Level 1:colcon.colcon_core.package_discovery:discover_packages(colcon_meta) check parameters
[0.099s] Level 1:colcon.colcon_core.package_discovery:discover_packages(recursive) check parameters
[0.099s] Level 1:colcon.colcon_core.package_discovery:discover_packages(ignore) check parameters
[0.099s] Level 1:colcon.colcon_core.package_discovery:discover_packages(path) check parameters
[0.099s] Level 1:colcon.colcon_core.package_discovery:discover_packages(colcon_meta) discover
[0.099s] Level 1:colcon.colcon_core.package_discovery:discover_packages(recursive) discover
[0.099s] INFO:colcon.colcon_core.package_discovery:Crawling recursively for packages in '/home/dheeraj/ros-coding-challenge'
[0.099s] Level 1:colcon.colcon_core.package_identification:_identify(.) by extensions ['ignore', 'ignore_ament_install']
[0.099s] Level 1:colcon.colcon_core.package_identification:_identify(.) by extension 'ignore'
[0.099s] Level 1:colcon.colcon_core.package_identification:_identify(.) by extension 'ignore_ament_install'
[0.099s] Level 1:colcon.colcon_core.package_identification:_identify(.) by extensions ['colcon_pkg']
[0.099s] Level 1:colcon.colcon_core.package_identification:_identify(.) by extension 'colcon_pkg'
[0.099s] Level 1:colcon.colcon_core.package_identification:_identify(.) by extensions ['colcon_meta']
[0.099s] Level 1:colcon.colcon_core.package_identification:_identify(.) by extension 'colcon_meta'
[0.099s] Level 1:colcon.colcon_core.package_identification:_identify(.) by extensions ['ros']
[0.099s] Level 1:colcon.colcon_core.package_identification:_identify(.) by extension 'ros'
[0.101s] Level 1:colcon.colcon_core.package_identification:_identify(.) by extensions ['cmake', 'python']
[0.101s] Level 1:colcon.colcon_core.package_identification:_identify(.) by extension 'cmake'
[0.101s] Level 1:colcon.colcon_core.package_identification:_identify(.) by extension 'python'
[0.101s] Level 1:colcon.colcon_core.package_identification:_identify(.) by extensions ['python_setup_py']
[0.101s] Level 1:colcon.colcon_core.package_identification:_identify(.) by extension 'python_setup_py'
[0.101s] Level 1:colcon.colcon_core.package_identification:_identify(Robotics88_test) by extensions ['ignore', 'ignore_ament_install']
[0.101s] Level 1:colcon.colcon_core.package_identification:_identify(Robotics88_test) by extension 'ignore'
[0.101s] Level 1:colcon.colcon_core.package_identification:_identify(Robotics88_test) by extension 'ignore_ament_install'
[0.101s] Level 1:colcon.colcon_core.package_identification:_identify(Robotics88_test) by extensions ['colcon_pkg']
[0.101s] Level 1:colcon.colcon_core.package_identification:_identify(Robotics88_test) by extension 'colcon_pkg'
[0.101s] Level 1:colcon.colcon_core.package_identification:_identify(Robotics88_test) by extensions ['colcon_meta']
[0.101s] Level 1:colcon.colcon_core.package_identification:_identify(Robotics88_test) by extension 'colcon_meta'
[0.101s] Level 1:colcon.colcon_core.package_identification:_identify(Robotics88_test) by extensions ['ros']
[0.101s] Level 1:colcon.colcon_core.package_identification:_identify(Robotics88_test) by extension 'ros'
[0.101s] Level 1:colcon.colcon_core.package_identification:_identify(Robotics88_test) by extensions ['cmake', 'python']
[0.101s] Level 1:colcon.colcon_core.package_identification:_identify(Robotics88_test) by extension 'cmake'
[0.101s] Level 1:colcon.colcon_core.package_identification:_identify(Robotics88_test) by extension 'python'
[0.101s] Level 1:colcon.colcon_core.package_identification:_identify(Robotics88_test) by extensions ['python_setup_py']
[0.101s] Level 1:colcon.colcon_core.package_identification:_identify(Robotics88_test) by extension 'python_setup_py'
[0.101s] Level 1:colcon.colcon_core.package_identification:_identify(build) by extensions ['ignore', 'ignore_ament_install']
[0.101s] Level 1:colcon.colcon_core.package_identification:_identify(build) by extension 'ignore'
[0.101s] Level 1:colcon.colcon_core.package_identification:_identify(build) ignored
[0.102s] Level 1:colcon.colcon_core.package_identification:_identify(install) by extensions ['ignore', 'ignore_ament_install']
[0.102s] Level 1:colcon.colcon_core.package_identification:_identify(install) by extension 'ignore'
[0.102s] Level 1:colcon.colcon_core.package_identification:_identify(install) ignored
[0.102s] Level 1:colcon.colcon_core.package_identification:_identify(log) by extensions ['ignore', 'ignore_ament_install']
[0.102s] Level 1:colcon.colcon_core.package_identification:_identify(log) by extension 'ignore'
[0.102s] Level 1:colcon.colcon_core.package_identification:_identify(log) ignored
[0.102s] Level 1:colcon.colcon_core.package_identification:_identify(src) by extensions ['ignore', 'ignore_ament_install']
[0.102s] Level 1:colcon.colcon_core.package_identification:_identify(src) by extension 'ignore'
[0.102s] Level 1:colcon.colcon_core.package_identification:_identify(src) by extension 'ignore_ament_install'
[0.102s] Level 1:colcon.colcon_core.package_identification:_identify(src) by extensions ['colcon_pkg']
[0.102s] Level 1:colcon.colcon_core.package_identification:_identify(src) by extension 'colcon_pkg'
[0.102s] Level 1:colcon.colcon_core.package_identification:_identify(src) by extensions ['colcon_meta']
[0.102s] Level 1:colcon.colcon_core.package_identification:_identify(src) by extension 'colcon_meta'
[0.102s] Level 1:colcon.colcon_core.package_identification:_identify(src) by extensions ['ros']
[0.102s] Level 1:colcon.colcon_core.package_identification:_identify(src) by extension 'ros'
[0.102s] Level 1:colcon.colcon_core.package_identification:_identify(src) by extensions ['cmake', 'python']
[0.102s] Level 1:colcon.colcon_core.package_identification:_identify(src) by extension 'cmake'
[0.102s] Level 1:colcon.colcon_core.package_identification:_identify(src) by extension 'python'
[0.102s] Level 1:colcon.colcon_core.package_identification:_identify(src) by extensions ['python_setup_py']
[0.102s] Level 1:colcon.colcon_core.package_identification:_identify(src) by extension 'python_setup_py'
[0.102s] Level 1:colcon.colcon_core.package_identification:_identify(src/ros88) by extensions ['ignore', 'ignore_ament_install']
[0.102s] Level 1:colcon.colcon_core.package_identification:_identify(src/ros88) by extension 'ignore'
[0.102s] Level 1:colcon.colcon_core.package_identification:_identify(src/ros88) by extension 'ignore_ament_install'
[0.102s] Level 1:colcon.colcon_core.package_identification:_identify(src/ros88) by extensions ['colcon_pkg']
[0.102s] Level 1:colcon.colcon_core.package_identification:_identify(src/ros88) by extension 'colcon_pkg'
[0.102s] Level 1:colcon.colcon_core.package_identification:_identify(src/ros88) by extensions ['colcon_meta']
[0.102s] Level 1:colcon.colcon_core.package_identification:_identify(src/ros88) by extension 'colcon_meta'
[0.102s] Level 1:colcon.colcon_core.package_identification:_identify(src/ros88) by extensions ['ros']
[0.102s] Level 1:colcon.colcon_core.package_identification:_identify(src/ros88) by extension 'ros'
[0.104s] DEBUG:colcon.colcon_core.package_identification:Package 'src/ros88' with type 'ros.ament_cmake' and name 'ros88'
[0.104s] Level 1:colcon.colcon_core.package_identification:_identify(src/ros88_pub) by extensions ['ignore', 'ignore_ament_install']
[0.104s] Level 1:colcon.colcon_core.package_identification:_identify(src/ros88_pub) by extension 'ignore'
[0.104s] Level 1:colcon.colcon_core.package_identification:_identify(src/ros88_pub) by extension 'ignore_ament_install'
[0.104s] Level 1:colcon.colcon_core.package_identification:_identify(src/ros88_pub) by extensions ['colcon_pkg']
[0.104s] Level 1:colcon.colcon_core.package_identification:_identify(src/ros88_pub) by extension 'colcon_pkg'
[0.104s] Level 1:colcon.colcon_core.package_identification:_identify(src/ros88_pub) by extensions ['colcon_meta']
[0.104s] Level 1:colcon.colcon_core.package_identification:_identify(src/ros88_pub) by extension 'colcon_meta'
[0.104s] Level 1:colcon.colcon_core.package_identification:_identify(src/ros88_pub) by extensions ['ros']
[0.104s] Level 1:colcon.colcon_core.package_identification:_identify(src/ros88_pub) by extension 'ros'
[0.105s] DEBUG:colcon.colcon_core.package_identification:Package 'src/ros88_pub' with type 'ros.ament_cmake' and name 'ros88_pub'
[0.105s] Level 1:colcon.colcon_core.package_discovery:discover_packages(recursive) using defaults
[0.105s] Level 1:colcon.colcon_core.package_discovery:discover_packages(ignore) discover
[0.105s] Level 1:colcon.colcon_core.package_discovery:discover_packages(ignore) using defaults
[0.105s] Level 1:colcon.colcon_core.package_discovery:discover_packages(path) discover
[0.105s] Level 1:colcon.colcon_core.package_discovery:discover_packages(path) using defaults
[0.117s] INFO:colcon.colcon_core.package_selection:Skipping not selected package 'ros88' in 'src/ros88'
[0.117s] Level 1:colcon.colcon_core.package_discovery:discover_packages(prefix_path) check parameters
[0.117s] Level 1:colcon.colcon_core.package_discovery:discover_packages(prefix_path) discover
[0.118s] DEBUG:colcon.colcon_installed_package_information.package_discovery:Found 2 installed packages in /home/dheeraj/ros-coding-challenge/install
[0.119s] DEBUG:colcon.colcon_installed_package_information.package_discovery:Found 389 installed packages in /opt/ros/humble
[0.120s] Level 1:colcon.colcon_core.package_discovery:discover_packages(prefix_path) using defaults
[0.147s] Level 5:colcon.colcon_core.verb:set package 'ros88_pub' build argument 'cmake_args' from command line to 'None'
[0.147s] Level 5:colcon.colcon_core.verb:set package 'ros88_pub' build argument 'cmake_target' from command line to 'None'
[0.147s] Level 5:colcon.colcon_core.verb:set package 'ros88_pub' build argument 'cmake_target_skip_unavailable' from command line to 'False'
[0.147s] Level 5:colcon.colcon_core.verb:set package 'ros88_pub' build argument 'cmake_clean_cache' from command line to 'False'
[0.147s] Level 5:colcon.colcon_core.verb:set package 'ros88_pub' build argument 'cmake_clean_first' from command line to 'False'
[0.147s] Level 5:colcon.colcon_core.verb:set package 'ros88_pub' build argument 'cmake_force_configure' from command line to 'False'
[0.147s] Level 5:colcon.colcon_core.verb:set package 'ros88_pub' build argument 'ament_cmake_args' from command line to 'None'
[0.147s] Level 5:colcon.colcon_core.verb:set package 'ros88_pub' build argument 'catkin_cmake_args' from command line to 'None'
[0.147s] Level 5:colcon.colcon_core.verb:set package 'ros88_pub' build argument 'catkin_skip_building_tests' from command line to 'False'
[0.147s] DEBUG:colcon.colcon_core.verb:Building package 'ros88_pub' with the following arguments: {'ament_cmake_args': None, 'build_base': '/home/dheeraj/ros-coding-challenge/build/ros88_pub', 'catkin_cmake_args': None, 'catkin_skip_building_tests': False, 'cmake_args': None, 'cmake_clean_cache': False, 'cmake_clean_first': False, 'cmake_force_configure': False, 'cmake_target': None, 'cmake_target_skip_unavailable': False, 'install_base': '/home/dheeraj/ros-coding-challenge/install/ros88_pub', 'merge_install': False, 'path': '/home/dheeraj/ros-coding-challenge/src/ros88_pub', 'symlink_install': True, 'test_result_base': None}
[0.147s] INFO:colcon.colcon_core.executor:Executing jobs using 'parallel' executor
[0.148s] DEBUG:colcon.colcon_parallel_executor.executor.parallel:run_until_complete
[0.148s] INFO:colcon.colcon_ros.task.ament_cmake.build:Building ROS package in '/home/dheeraj/ros-coding-challenge/src/ros88_pub' with build type 'ament_cmake'
[0.148s] INFO:colcon.colcon_cmake.task.cmake.build:Building CMake package in '/home/dheeraj/ros-coding-challenge/src/ros88_pub'
[0.149s] INFO:colcon.colcon_core.plugin_system:Skipping extension 'colcon_core.shell.bat': Not used on non-Windows systems
[0.149s] INFO:colcon.colcon_core.shell:Skip shell extension 'powershell' for command environment: Not usable outside of PowerShell
[0.149s] DEBUG:colcon.colcon_core.shell:Skip shell extension 'dsv' for command environment
[0.154s] DEBUG:colcon.colcon_core.event_handler.log_command:Invoking command in '/home/dheeraj/ros-coding-challenge/build/ros88_pub': CMAKE_PREFIX_PATH=${CMAKE_PREFIX_PATH}:/opt/ros/humble /usr/bin/cmake --build /home/dheeraj/ros-coding-challenge/build/ros88_pub -- -j16 -l16
[4.265s] DEBUG:colcon.colcon_core.event_handler.log_command:Invoked command in '/home/dheeraj/ros-coding-challenge/build/ros88_pub' returned '0': CMAKE_PREFIX_PATH=${CMAKE_PREFIX_PATH}:/opt/ros/humble /usr/bin/cmake --build /home/dheeraj/ros-coding-challenge/build/ros88_pub -- -j16 -l16
[4.291s] DEBUG:colcon.colcon_core.event_handler.log_command:Invoking command in '/home/dheeraj/ros-coding-challenge/build/ros88_pub': CMAKE_PREFIX_PATH=${CMAKE_PREFIX_PATH}:/opt/ros/humble /usr/bin/cmake --install /home/dheeraj/ros-coding-challenge/build/ros88_pub
[4.309s] Level 1:colcon.colcon_core.environment:create_environment_scripts_only(ros88_pub)
[4.309s] DEBUG:colcon.colcon_core.event_handler.log_command:Invoked command in '/home/dheeraj/ros-coding-challenge/build/ros88_pub' returned '0': CMAKE_PREFIX_PATH=${CMAKE_PREFIX_PATH}:/opt/ros/humble /usr/bin/cmake --install /home/dheeraj/ros-coding-challenge/build/ros88_pub
[4.311s] Level 1:colcon.colcon_core.environment:checking '/home/dheeraj/ros-coding-challenge/install/ros88_pub' for CMake module files
[4.311s] Level 1:colcon.colcon_core.environment:checking '/home/dheeraj/ros-coding-challenge/install/ros88_pub' for CMake config files
[4.311s] Level 1:colcon.colcon_core.shell:create_environment_hook('ros88_pub', 'cmake_prefix_path')
[4.311s] INFO:colcon.colcon_core.shell:Creating environment hook '/home/dheeraj/ros-coding-challenge/install/ros88_pub/share/ros88_pub/hook/cmake_prefix_path.ps1'
[4.312s] INFO:colcon.colcon_core.shell:Creating environment descriptor '/home/dheeraj/ros-coding-challenge/install/ros88_pub/share/ros88_pub/hook/cmake_prefix_path.dsv'
[4.313s] INFO:colcon.colcon_core.shell:Creating environment hook '/home/dheeraj/ros-coding-challenge/install/ros88_pub/share/ros88_pub/hook/cmake_prefix_path.sh'
[4.313s] Level 1:colcon.colcon_core.environment:checking '/home/dheeraj/ros-coding-challenge/install/ros88_pub/lib'
[4.313s] Level 1:colcon.colcon_core.environment:checking '/home/dheeraj/ros-coding-challenge/install/ros88_pub/bin'
[4.313s] Level 1:colcon.colcon_core.environment:checking '/home/dheeraj/ros-coding-challenge/install/ros88_pub/lib/pkgconfig/ros88_pub.pc'
[4.314s] Level 1:colcon.colcon_core.environment:checking '/home/dheeraj/ros-coding-challenge/install/ros88_pub/lib/python3.10/site-packages'
[4.314s] Level 1:colcon.colcon_core.environment:checking '/home/dheeraj/ros-coding-challenge/install/ros88_pub/bin'
[4.314s] INFO:colcon.colcon_core.shell:Creating package script '/home/dheeraj/ros-coding-challenge/install/ros88_pub/share/ros88_pub/package.ps1'
[4.314s] INFO:colcon.colcon_core.shell:Creating package descriptor '/home/dheeraj/ros-coding-challenge/install/ros88_pub/share/ros88_pub/package.dsv'
[4.315s] INFO:colcon.colcon_core.shell:Creating package script '/home/dheeraj/ros-coding-challenge/install/ros88_pub/share/ros88_pub/package.sh'
[4.315s] INFO:colcon.colcon_core.shell:Creating package script '/home/dheeraj/ros-coding-challenge/install/ros88_pub/share/ros88_pub/package.bash'
[4.316s] INFO:colcon.colcon_core.shell:Creating package script '/home/dheeraj/ros-coding-challenge/install/ros88_pub/share/ros88_pub/package.zsh'
[4.316s] Level 1:colcon.colcon_core.environment:create_file_with_runtime_dependencies(/home/dheeraj/ros-coding-challenge/install/ros88_pub/share/colcon-core/packages/ros88_pub)
[4.333s] Level 1:colcon.colcon_core.environment:create_environment_scripts_only(ros88_pub)
[4.334s] Level 1:colcon.colcon_core.environment:checking '/home/dheeraj/ros-coding-challenge/install/ros88_pub' for CMake module files
[4.334s] Level 1:colcon.colcon_core.environment:checking '/home/dheeraj/ros-coding-challenge/install/ros88_pub' for CMake config files
[4.334s] Level 1:colcon.colcon_core.shell:create_environment_hook('ros88_pub', 'cmake_prefix_path')
[4.334s] INFO:colcon.colcon_core.shell:Creating environment hook '/home/dheeraj/ros-coding-challenge/install/ros88_pub/share/ros88_pub/hook/cmake_prefix_path.ps1'
[4.335s] INFO:colcon.colcon_core.shell:Creating environment descriptor '/home/dheeraj/ros-coding-challenge/install/ros88_pub/share/ros88_pub/hook/cmake_prefix_path.dsv'
[4.335s] INFO:colcon.colcon_core.shell:Creating environment hook '/home/dheeraj/ros-coding-challenge/install/ros88_pub/share/ros88_pub/hook/cmake_prefix_path.sh'
[4.335s] Level 1:colcon.colcon_core.environment:checking '/home/dheeraj/ros-coding-challenge/install/ros88_pub/lib'
[4.335s] Level 1:colcon.colcon_core.environment:checking '/home/dheeraj/ros-coding-challenge/install/ros88_pub/bin'
[4.335s] Level 1:colcon.colcon_core.environment:checking '/home/dheeraj/ros-coding-challenge/install/ros88_pub/lib/pkgconfig/ros88_pub.pc'
[4.336s] Level 1:colcon.colcon_core.environment:checking '/home/dheeraj/ros-coding-challenge/install/ros88_pub/lib/python3.10/site-packages'
[4.336s] Level 1:colcon.colcon_core.environment:checking '/home/dheeraj/ros-coding-challenge/install/ros88_pub/bin'
[4.336s] INFO:colcon.colcon_core.shell:Creating package script '/home/dheeraj/ros-coding-challenge/install/ros88_pub/share/ros88_pub/package.ps1'
[4.336s] INFO:colcon.colcon_core.shell:Creating package descriptor '/home/dheeraj/ros-coding-challenge/install/ros88_pub/share/ros88_pub/package.dsv'
[4.336s] INFO:colcon.colcon_core.shell:Creating package script '/home/dheeraj/ros-coding-challenge/install/ros88_pub/share/ros88_pub/package.sh'
[4.337s] INFO:colcon.colcon_core.shell:Creating package script '/home/dheeraj/ros-coding-challenge/install/ros88_pub/share/ros88_pub/package.bash'
[4.337s] INFO:colcon.colcon_core.shell:Creating package script '/home/dheeraj/ros-coding-challenge/install/ros88_pub/share/ros88_pub/package.zsh'
[4.337s] Level 1:colcon.colcon_core.environment:create_file_with_runtime_dependencies(/home/dheeraj/ros-coding-challenge/install/ros88_pub/share/colcon-core/packages/ros88_pub)
[4.337s] DEBUG:colcon.colcon_parallel_executor.executor.parallel:closing loop
[4.338s] DEBUG:colcon.colcon_parallel_executor.executor.parallel:loop closed
[4.338s] DEBUG:colcon.colcon_parallel_executor.executor.parallel:run_until_complete finished with '0'
[4.338s] DEBUG:colcon.colcon_core.event_reactor:joining thread
[4.352s] INFO:colcon.colcon_core.plugin_system:Skipping extension 'colcon_notification.desktop_notification.terminal_notifier': Not used on non-Darwin systems
[4.352s] INFO:colcon.colcon_core.plugin_system:Skipping extension 'colcon_notification.desktop_notification.win32': Not used on non-Windows systems
[4.352s] INFO:colcon.colcon_notification.desktop_notification:Sending desktop notification using 'notify2'
[4.364s] DEBUG:colcon.colcon_core.event_reactor:joined thread
[4.364s] INFO:colcon.colcon_core.shell:Creating prefix script '/home/dheeraj/ros-coding-challenge/install/local_setup.ps1'
[4.365s] INFO:colcon.colcon_core.shell:Creating prefix util module '/home/dheeraj/ros-coding-challenge/install/_local_setup_util_ps1.py'
[4.366s] INFO:colcon.colcon_core.shell:Creating prefix chain script '/home/dheeraj/ros-coding-challenge/install/setup.ps1'
[4.367s] INFO:colcon.colcon_core.shell:Creating prefix script '/home/dheeraj/ros-coding-challenge/install/local_setup.sh'
[4.367s] INFO:colcon.colcon_core.shell:Creating prefix util module '/home/dheeraj/ros-coding-challenge/install/_local_setup_util_sh.py'
[4.367s] INFO:colcon.colcon_core.shell:Creating prefix chain script '/home/dheeraj/ros-coding-challenge/install/setup.sh'
[4.368s] INFO:colcon.colcon_core.shell:Creating prefix script '/home/dheeraj/ros-coding-challenge/install/local_setup.bash'
[4.368s] INFO:colcon.colcon_core.shell:Creating prefix chain script '/home/dheeraj/ros-coding-challenge/install/setup.bash'
[4.369s] INFO:colcon.colcon_core.shell:Creating prefix script '/home/dheeraj/ros-coding-challenge/install/local_setup.zsh'
[4.369s] INFO:colcon.colcon_core.shell:Creating prefix chain script '/home/dheeraj/ros-coding-challenge/install/setup.zsh'
