[0.007s] Invoking command in '/home/dheeraj/ros-coding-challenge/build/ros88': CMAKE_PREFIX_PATH=${CMAKE_PREFIX_PATH}:/opt/ros/humble /usr/bin/cmake /home/dheeraj/ros-coding-challenge/src/ros88 -DAMENT_CMAKE_SYMLINK_INSTALL=1 -DCMAKE_INSTALL_PREFIX=/home/dheeraj/ros-coding-challenge/install/ros88
[0.014s] -- Found ament_cmake: 1.3.10 (/opt/ros/humble/share/ament_cmake/cmake)
[0.086s] -- Override CMake install command with custom implementation using symlinks instead of copying resources
[0.089s] -- Found rclcpp: 16.0.10 (/opt/ros/humble/share/rclcpp/cmake)
[0.106s] -- Found rosidl_generator_c: 3.1.5 (/opt/ros/humble/share/rosidl_generator_c/cmake)
[0.108s] -- Found rosidl_adapter: 3.1.5 (/opt/ros/humble/share/rosidl_adapter/cmake)
[0.111s] -- Found rosidl_generator_cpp: 3.1.5 (/opt/ros/humble/share/rosidl_generator_cpp/cmake)
[0.117s] -- Using all available rosidl_typesupport_c: rosidl_typesupport_fastrtps_c;rosidl_typesupport_introspection_c
[0.124s] -- Using all available rosidl_typesupport_cpp: rosidl_typesupport_fastrtps_cpp;rosidl_typesupport_introspection_cpp
[0.143s] -- Found rmw_implementation_cmake: 6.1.2 (/opt/ros/humble/share/rmw_implementation_cmake/cmake)
[0.144s] -- Found rmw_cyclonedds_cpp: 1.3.4 (/opt/ros/humble/share/rmw_cyclonedds_cpp/cmake)
[0.154s] -- Using RMW implementation 'rmw_cyclonedds_cpp' as default
[0.182s] -- Found cv_bridge: 3.2.1 (/opt/ros/humble/share/cv_bridge/cmake)
[0.203s] -- Found image_transport: 3.1.9 (/opt/ros/humble/share/image_transport/cmake)
[0.218s] -- Found ament_lint_auto: 0.12.11 (/opt/ros/humble/share/ament_lint_auto/cmake)
[0.263s] -- Added test 'cppcheck' to perform static code analysis on C / C++ code
[0.263s] -- Configured cppcheck include dirs: $<BUILD_INTERFACE:/home/dheeraj/ros-coding-challenge/src/ros88/include>
[0.264s] -- Configured cppcheck exclude dirs and/or files: 
[0.264s] -- Added test 'flake8' to check Python code syntax and style conventions
[0.264s] -- Added test 'lint_cmake' to check CMake code style
[0.264s] -- Added test 'pep257' to check Python code against some of the docstring style conventions in PEP 257
[0.265s] -- Added test 'uncrustify' to check C / C++ code style
[0.265s] -- Configured uncrustify additional arguments: 
[0.265s] -- Added test 'xmllint' to check XML markup files
[0.266s] -- Configuring done
[0.273s] -- Generating done
[0.274s] -- Build files have been written to: /home/dheeraj/ros-coding-challenge/build/ros88
[0.279s] Invoked command in '/home/dheeraj/ros-coding-challenge/build/ros88' returned '0': CMAKE_PREFIX_PATH=${CMAKE_PREFIX_PATH}:/opt/ros/humble /usr/bin/cmake /home/dheeraj/ros-coding-challenge/src/ros88 -DAMENT_CMAKE_SYMLINK_INSTALL=1 -DCMAKE_INSTALL_PREFIX=/home/dheeraj/ros-coding-challenge/install/ros88
[0.280s] Invoking command in '/home/dheeraj/ros-coding-challenge/build/ros88': CMAKE_PREFIX_PATH=${CMAKE_PREFIX_PATH}:/opt/ros/humble /usr/bin/cmake --build /home/dheeraj/ros-coding-challenge/build/ros88 -- -j16 -l16
[0.312s] [35m[1mConsolidate compiler generated dependencies of target ros88[0m
[0.336s] [ 50%] [32mBuilding CXX object CMakeFiles/ros88.dir/src/ros88.cpp.o[0m
[6.402s] [100%] [32m[1mLinking CXX executable ros88[0m
[6.827s] [100%] Built target ros88
[6.833s] Invoked command in '/home/dheeraj/ros-coding-challenge/build/ros88' returned '0': CMAKE_PREFIX_PATH=${CMAKE_PREFIX_PATH}:/opt/ros/humble /usr/bin/cmake --build /home/dheeraj/ros-coding-challenge/build/ros88 -- -j16 -l16
[6.856s] Invoking command in '/home/dheeraj/ros-coding-challenge/build/ros88': CMAKE_PREFIX_PATH=${CMAKE_PREFIX_PATH}:/opt/ros/humble /usr/bin/cmake --install /home/dheeraj/ros-coding-challenge/build/ros88
[6.860s] -- Install configuration: ""
[6.860s] -- Execute custom install script
[6.861s] -- Up-to-date symlink: /home/dheeraj/ros-coding-challenge/install/ros88/lib/ros88/ros88
[6.861s] [33mCMake Warning (dev) at ament_cmake_symlink_install/ament_cmake_symlink_install.cmake:62 (file):
[6.861s]   Policy CMP0009 is not set: FILE GLOB_RECURSE calls should not follow
[6.861s]   symlinks by default.  Run "cmake --help-policy CMP0009" for policy details.
[6.861s]   Use the cmake_policy command to set the policy and suppress this warning.
[6.861s] Call Stack (most recent call first):
[6.861s]   ament_cmake_symlink_install/ament_cmake_symlink_install.cmake:317 (ament_cmake_symlink_install_directory)
[6.861s]   cmake_install.cmake:46 (include)
[6.861s] This warning is for project developers.  Use -Wno-dev to suppress it.
[6.861s] [0m
[6.861s] -- Up-to-date symlink: /home/dheeraj/ros-coding-challenge/install/ros88/share/ros88/launch/__pycache__/turtle_launch.cpython-310.pyc
[6.861s] -- Up-to-date symlink: /home/dheeraj/ros-coding-challenge/install/ros88/share/ros88/launch/build/.built_by
[6.862s] -- Up-to-date symlink: /home/dheeraj/ros-coding-challenge/install/ros88/share/ros88/launch/build/COLCON_IGNORE
[6.862s] -- Up-to-date symlink: /home/dheeraj/ros-coding-challenge/install/ros88/share/ros88/launch/install/.colcon_install_layout
[6.862s] -- Up-to-date symlink: /home/dheeraj/ros-coding-challenge/install/ros88/share/ros88/launch/install/COLCON_IGNORE
[6.862s] -- Up-to-date symlink: /home/dheeraj/ros-coding-challenge/install/ros88/share/ros88/launch/install/_local_setup_util_ps1.py
[6.862s] -- Up-to-date symlink: /home/dheeraj/ros-coding-challenge/install/ros88/share/ros88/launch/install/_local_setup_util_sh.py
[6.862s] -- Up-to-date symlink: /home/dheeraj/ros-coding-challenge/install/ros88/share/ros88/launch/install/local_setup.bash
[6.862s] -- Up-to-date symlink: /home/dheeraj/ros-coding-challenge/install/ros88/share/ros88/launch/install/local_setup.ps1
[6.862s] -- Up-to-date symlink: /home/dheeraj/ros-coding-challenge/install/ros88/share/ros88/launch/install/local_setup.sh
[6.862s] -- Up-to-date symlink: /home/dheeraj/ros-coding-challenge/install/ros88/share/ros88/launch/install/local_setup.zsh
[6.862s] -- Up-to-date symlink: /home/dheeraj/ros-coding-challenge/install/ros88/share/ros88/launch/install/setup.bash
[6.862s] -- Up-to-date symlink: /home/dheeraj/ros-coding-challenge/install/ros88/share/ros88/launch/install/setup.ps1
[6.862s] -- Up-to-date symlink: /home/dheeraj/ros-coding-challenge/install/ros88/share/ros88/launch/install/setup.sh
[6.862s] -- Up-to-date symlink: /home/dheeraj/ros-coding-challenge/install/ros88/share/ros88/launch/install/setup.zsh
[6.862s] -- Up-to-date symlink: /home/dheeraj/ros-coding-challenge/install/ros88/share/ros88/launch/log/COLCON_IGNORE
[6.862s] -- Up-to-date symlink: /home/dheeraj/ros-coding-challenge/install/ros88/share/ros88/launch/log/build_2024-10-13_17-18-06/events.log
[6.862s] -- Up-to-date symlink: /home/dheeraj/ros-coding-challenge/install/ros88/share/ros88/launch/log/build_2024-10-13_17-18-06/logger_all.log
[6.862s] -- Up-to-date symlink: /home/dheeraj/ros-coding-challenge/install/ros88/share/ros88/launch/log/latest/events.log
[6.862s] -- Up-to-date symlink: /home/dheeraj/ros-coding-challenge/install/ros88/share/ros88/launch/log/latest/logger_all.log
[6.862s] -- Up-to-date symlink: /home/dheeraj/ros-coding-challenge/install/ros88/share/ros88/launch/log/latest_build/events.log
[6.862s] -- Up-to-date symlink: /home/dheeraj/ros-coding-challenge/install/ros88/share/ros88/launch/log/latest_build/logger_all.log
[6.862s] -- Up-to-date symlink: /home/dheeraj/ros-coding-challenge/install/ros88/share/ros88/launch/ros88_sub_launch.py
[6.862s] -- Up-to-date symlink: /home/dheeraj/ros-coding-challenge/install/ros88/share/ament_index/resource_index/package_run_dependencies/ros88
[6.862s] -- Up-to-date symlink: /home/dheeraj/ros-coding-challenge/install/ros88/share/ament_index/resource_index/parent_prefix_path/ros88
[6.862s] -- Up-to-date symlink: /home/dheeraj/ros-coding-challenge/install/ros88/share/ros88/environment/ament_prefix_path.sh
[6.862s] -- Up-to-date symlink: /home/dheeraj/ros-coding-challenge/install/ros88/share/ros88/environment/ament_prefix_path.dsv
[6.863s] -- Up-to-date symlink: /home/dheeraj/ros-coding-challenge/install/ros88/share/ros88/environment/path.sh
[6.863s] -- Up-to-date symlink: /home/dheeraj/ros-coding-challenge/install/ros88/share/ros88/environment/path.dsv
[6.863s] -- Up-to-date symlink: /home/dheeraj/ros-coding-challenge/install/ros88/share/ros88/local_setup.bash
[6.863s] -- Up-to-date symlink: /home/dheeraj/ros-coding-challenge/install/ros88/share/ros88/local_setup.sh
[6.863s] -- Up-to-date symlink: /home/dheeraj/ros-coding-challenge/install/ros88/share/ros88/local_setup.zsh
[6.863s] -- Up-to-date symlink: /home/dheeraj/ros-coding-challenge/install/ros88/share/ros88/local_setup.dsv
[6.863s] -- Symlinking: /home/dheeraj/ros-coding-challenge/install/ros88/share/ros88/package.dsv
[6.869s] -- Up-to-date symlink: /home/dheeraj/ros-coding-challenge/install/ros88/share/ament_index/resource_index/packages/ros88
[6.869s] -- Up-to-date symlink: /home/dheeraj/ros-coding-challenge/install/ros88/share/ros88/cmake/ros88Config.cmake
[6.869s] -- Up-to-date symlink: /home/dheeraj/ros-coding-challenge/install/ros88/share/ros88/cmake/ros88Config-version.cmake
[6.869s] -- Up-to-date symlink: /home/dheeraj/ros-coding-challenge/install/ros88/share/ros88/package.xml
[6.870s] Invoked command in '/home/dheeraj/ros-coding-challenge/build/ros88' returned '0': CMAKE_PREFIX_PATH=${CMAKE_PREFIX_PATH}:/opt/ros/humble /usr/bin/cmake --install /home/dheeraj/ros-coding-challenge/build/ros88
