-- The C compiler identification is GNU 11.4.0
-- The CXX compiler identification is GNU 11.4.0
-- Detecting C compiler ABI info
-- Detecting C compiler ABI info - done
-- Check for working C compiler: /usr/bin/cc - skipped
-- Detecting C compile features
-- Detecting C compile features - done
-- Detecting CXX compiler ABI info
-- Detecting CXX compiler ABI info - done
-- Check for working CXX compiler: /usr/bin/c++ - skipped
-- Detecting CXX compile features
-- Detecting CXX compile features - done
-- Found ament_cmake: 1.3.10 (/opt/ros/humble/share/ament_cmake/cmake)
-- Found Python3: /usr/bin/python3 (found version "3.10.12") found components: Interpreter 
-- Found ament_lint_auto: 0.12.11 (/opt/ros/humble/share/ament_lint_auto/cmake)
-- Added test 'cppcheck' to perform static code analysis on C / C++ code
-- Configured cppcheck include dirs: $<BUILD_INTERFACE:/home/dheeraj/ros-coding-challenge/src/ros88_pub/include>
-- Configured cppcheck exclude dirs and/or files: 
-- Added test 'lint_cmake' to check CMake code style
-- Added test 'uncrustify' to check C / C++ code style
-- Configured uncrustify additional arguments: 
-- Added test 'xmllint' to check XML markup files
-- Configuring done
-- Generating done
-- Build files have been written to: /home/dheeraj/ros-coding-challenge/build/ros88_pub
[ 50%] [32mBuilding CXX object CMakeFiles/ros88_pub.dir/src/ros88_pub.cpp.o[0m
[100%] [32m[1mLinking CXX executable ros88_pub[0m
[100%] Built target ros88_pub
-- Install configuration: ""
-- Installing: /home/dheeraj/ros-coding-challenge/install/ros88_pub/lib/ros88_pub/ros88_pub
-- Installing: /home/dheeraj/ros-coding-challenge/install/ros88_pub/share/ament_index/resource_index/package_run_dependencies/ros88_pub
-- Installing: /home/dheeraj/ros-coding-challenge/install/ros88_pub/share/ament_index/resource_index/parent_prefix_path/ros88_pub
-- Installing: /home/dheeraj/ros-coding-challenge/install/ros88_pub/share/ros88_pub/environment/ament_prefix_path.sh
-- Installing: /home/dheeraj/ros-coding-challenge/install/ros88_pub/share/ros88_pub/environment/ament_prefix_path.dsv
-- Installing: /home/dheeraj/ros-coding-challenge/install/ros88_pub/share/ros88_pub/environment/path.sh
-- Installing: /home/dheeraj/ros-coding-challenge/install/ros88_pub/share/ros88_pub/environment/path.dsv
-- Installing: /home/dheeraj/ros-coding-challenge/install/ros88_pub/share/ros88_pub/local_setup.bash
-- Installing: /home/dheeraj/ros-coding-challenge/install/ros88_pub/share/ros88_pub/local_setup.sh
-- Installing: /home/dheeraj/ros-coding-challenge/install/ros88_pub/share/ros88_pub/local_setup.zsh
-- Installing: /home/dheeraj/ros-coding-challenge/install/ros88_pub/share/ros88_pub/local_setup.dsv
-- Installing: /home/dheeraj/ros-coding-challenge/install/ros88_pub/share/ros88_pub/package.dsv
-- Installing: /home/dheeraj/ros-coding-challenge/install/ros88_pub/share/ament_index/resource_index/packages/ros88_pub
-- Installing: /home/dheeraj/ros-coding-challenge/install/ros88_pub/share/ros88_pub/cmake/ros88_pubConfig.cmake
-- Installing: /home/dheeraj/ros-coding-challenge/install/ros88_pub/share/ros88_pub/cmake/ros88_pubConfig-version.cmake
-- Installing: /home/dheeraj/ros-coding-challenge/install/ros88_pub/share/ros88_pub/package.xml
