[0.006s] Invoking command in '/home/dheeraj/ros-coding-challenge/build/ros88_pub': CMAKE_PREFIX_PATH=/opt/ros/humble /usr/bin/cmake /home/dheeraj/ros-coding-challenge/src/ros88_pub -DCMAKE_INSTALL_PREFIX=/home/dheeraj/ros-coding-challenge/install/ros88_pub
[0.041s] -- The C compiler identification is GNU 11.4.0
[0.078s] -- The CXX compiler identification is GNU 11.4.0
[0.082s] -- Detecting C compiler ABI info
[0.127s] -- Detecting C compiler ABI info - done
[0.133s] -- Check for working C compiler: /usr/bin/cc - skipped
[0.133s] -- Detecting C compile features
[0.134s] -- Detecting C compile features - done
[0.136s] -- Detecting CXX compiler ABI info
[0.188s] -- Detecting CXX compiler ABI info - done
[0.195s] -- Check for working CXX compiler: /usr/bin/c++ - skipped
[0.195s] -- Detecting CXX compile features
[0.195s] -- Detecting CXX compile features - done
[0.197s] -- Found ament_cmake: 1.3.10 (/opt/ros/humble/share/ament_cmake/cmake)
[0.479s] -- Found Python3: /usr/bin/python3 (found version "3.10.12") found components: Interpreter 
[0.552s] -- Found ament_lint_auto: 0.12.11 (/opt/ros/humble/share/ament_lint_auto/cmake)
[0.616s] -- Added test 'cppcheck' to perform static code analysis on C / C++ code
[0.616s] -- Configured cppcheck include dirs: $<BUILD_INTERFACE:/home/dheeraj/ros-coding-challenge/src/ros88_pub/include>
[0.616s] -- Configured cppcheck exclude dirs and/or files: 
[0.616s] -- Added test 'lint_cmake' to check CMake code style
[0.617s] -- Added test 'uncrustify' to check C / C++ code style
[0.617s] -- Configured uncrustify additional arguments: 
[0.617s] -- Added test 'xmllint' to check XML markup files
[0.618s] -- Configuring done
[0.622s] -- Generating done
[0.623s] -- Build files have been written to: /home/dheeraj/ros-coding-challenge/build/ros88_pub
[0.628s] Invoked command in '/home/dheeraj/ros-coding-challenge/build/ros88_pub' returned '0': CMAKE_PREFIX_PATH=/opt/ros/humble /usr/bin/cmake /home/dheeraj/ros-coding-challenge/src/ros88_pub -DCMAKE_INSTALL_PREFIX=/home/dheeraj/ros-coding-challenge/install/ros88_pub
[0.629s] Invoking command in '/home/dheeraj/ros-coding-challenge/build/ros88_pub': CMAKE_PREFIX_PATH=/opt/ros/humble /usr/bin/cmake --build /home/dheeraj/ros-coding-challenge/build/ros88_pub -- -j16 -l16
[0.661s] [ 50%] [32mBuilding CXX object CMakeFiles/ros88_pub.dir/src/ros88_pub.cpp.o[0m
[0.679s] [100%] [32m[1mLinking CXX executable ros88_pub[0m
[0.712s] [100%] Built target ros88_pub
[0.720s] Invoked command in '/home/dheeraj/ros-coding-challenge/build/ros88_pub' returned '0': CMAKE_PREFIX_PATH=/opt/ros/humble /usr/bin/cmake --build /home/dheeraj/ros-coding-challenge/build/ros88_pub -- -j16 -l16
[0.742s] Invoking command in '/home/dheeraj/ros-coding-challenge/build/ros88_pub': CMAKE_PREFIX_PATH=/opt/ros/humble /usr/bin/cmake --install /home/dheeraj/ros-coding-challenge/build/ros88_pub
[0.746s] -- Install configuration: ""
[0.747s] -- Installing: /home/dheeraj/ros-coding-challenge/install/ros88_pub/lib/ros88_pub/ros88_pub
[0.747s] -- Installing: /home/dheeraj/ros-coding-challenge/install/ros88_pub/share/ament_index/resource_index/package_run_dependencies/ros88_pub
[0.747s] -- Installing: /home/dheeraj/ros-coding-challenge/install/ros88_pub/share/ament_index/resource_index/parent_prefix_path/ros88_pub
[0.747s] -- Installing: /home/dheeraj/ros-coding-challenge/install/ros88_pub/share/ros88_pub/environment/ament_prefix_path.sh
[0.747s] -- Installing: /home/dheeraj/ros-coding-challenge/install/ros88_pub/share/ros88_pub/environment/ament_prefix_path.dsv
[0.747s] -- Installing: /home/dheeraj/ros-coding-challenge/install/ros88_pub/share/ros88_pub/environment/path.sh
[0.747s] -- Installing: /home/dheeraj/ros-coding-challenge/install/ros88_pub/share/ros88_pub/environment/path.dsv
[0.747s] -- Installing: /home/dheeraj/ros-coding-challenge/install/ros88_pub/share/ros88_pub/local_setup.bash
[0.747s] -- Installing: /home/dheeraj/ros-coding-challenge/install/ros88_pub/share/ros88_pub/local_setup.sh
[0.747s] -- Installing: /home/dheeraj/ros-coding-challenge/install/ros88_pub/share/ros88_pub/local_setup.zsh
[0.747s] -- Installing: /home/dheeraj/ros-coding-challenge/install/ros88_pub/share/ros88_pub/local_setup.dsv
[0.747s] -- Installing: /home/dheeraj/ros-coding-challenge/install/ros88_pub/share/ros88_pub/package.dsv
[0.747s] -- Installing: /home/dheeraj/ros-coding-challenge/install/ros88_pub/share/ament_index/resource_index/packages/ros88_pub
[0.747s] -- Installing: /home/dheeraj/ros-coding-challenge/install/ros88_pub/share/ros88_pub/cmake/ros88_pubConfig.cmake
[0.748s] -- Installing: /home/dheeraj/ros-coding-challenge/install/ros88_pub/share/ros88_pub/cmake/ros88_pubConfig-version.cmake
[0.748s] -- Installing: /home/dheeraj/ros-coding-challenge/install/ros88_pub/share/ros88_pub/package.xml
[0.749s] Invoked command in '/home/dheeraj/ros-coding-challenge/build/ros88_pub' returned '0': CMAKE_PREFIX_PATH=/opt/ros/humble /usr/bin/cmake --install /home/dheeraj/ros-coding-challenge/build/ros88_pub
