[0.011s] Invoking command in '/home/dheeraj/ros-coding-challenge/build/ros88_pub': CMAKE_PREFIX_PATH=${CMAKE_PREFIX_PATH}:/opt/ros/humble /usr/bin/cmake --build /home/dheeraj/ros-coding-challenge/build/ros88_pub -- -j16 -l16
[0.036s] [35m[1mConsolidate compiler generated dependencies of target ros88_pub[0m
[0.051s] [ 50%] [32mBuilding CXX object CMakeFiles/ros88_pub.dir/src/ros88_pub.cpp.o[0m
[3.662s] [100%] [32m[1mLinking CXX executable ros88_pub[0m
[3.933s] [100%] Built target ros88_pub
[3.940s] Invoked command in '/home/dheeraj/ros-coding-challenge/build/ros88_pub' returned '0': CMAKE_PREFIX_PATH=${CMAKE_PREFIX_PATH}:/opt/ros/humble /usr/bin/cmake --build /home/dheeraj/ros-coding-challenge/build/ros88_pub -- -j16 -l16
[3.961s] Invoking command in '/home/dheeraj/ros-coding-challenge/build/ros88_pub': CMAKE_PREFIX_PATH=${CMAKE_PREFIX_PATH}:/opt/ros/humble /usr/bin/cmake --install /home/dheeraj/ros-coding-challenge/build/ros88_pub
[3.965s] -- Install configuration: ""
[3.965s] -- Execute custom install script
[3.966s] -- Up-to-date symlink: /home/dheeraj/ros-coding-challenge/install/ros88_pub/lib/ros88_pub/ros88_pub
[3.966s] -- Up-to-date symlink: /home/dheeraj/ros-coding-challenge/install/ros88_pub/share/ros88_pub/launch/ros88_pub_launch.py
[3.966s] -- Up-to-date symlink: /home/dheeraj/ros-coding-challenge/install/ros88_pub/share/ament_index/resource_index/package_run_dependencies/ros88_pub
[3.966s] -- Up-to-date symlink: /home/dheeraj/ros-coding-challenge/install/ros88_pub/share/ament_index/resource_index/parent_prefix_path/ros88_pub
[3.966s] -- Up-to-date symlink: /home/dheeraj/ros-coding-challenge/install/ros88_pub/share/ros88_pub/environment/ament_prefix_path.sh
[3.966s] -- Up-to-date symlink: /home/dheeraj/ros-coding-challenge/install/ros88_pub/share/ros88_pub/environment/ament_prefix_path.dsv
[3.966s] -- Up-to-date symlink: /home/dheeraj/ros-coding-challenge/install/ros88_pub/share/ros88_pub/environment/path.sh
[3.966s] -- Up-to-date symlink: /home/dheeraj/ros-coding-challenge/install/ros88_pub/share/ros88_pub/environment/path.dsv
[3.966s] -- Up-to-date symlink: /home/dheeraj/ros-coding-challenge/install/ros88_pub/share/ros88_pub/local_setup.bash
[3.966s] -- Up-to-date symlink: /home/dheeraj/ros-coding-challenge/install/ros88_pub/share/ros88_pub/local_setup.sh
[3.966s] -- Up-to-date symlink: /home/dheeraj/ros-coding-challenge/install/ros88_pub/share/ros88_pub/local_setup.zsh
[3.967s] -- Up-to-date symlink: /home/dheeraj/ros-coding-challenge/install/ros88_pub/share/ros88_pub/local_setup.dsv
[3.967s] -- Symlinking: /home/dheeraj/ros-coding-challenge/install/ros88_pub/share/ros88_pub/package.dsv
[3.971s] -- Up-to-date symlink: /home/dheeraj/ros-coding-challenge/install/ros88_pub/share/ament_index/resource_index/packages/ros88_pub
[3.971s] -- Up-to-date symlink: /home/dheeraj/ros-coding-challenge/install/ros88_pub/share/ros88_pub/cmake/ros88_pubConfig.cmake
[3.972s] -- Up-to-date symlink: /home/dheeraj/ros-coding-challenge/install/ros88_pub/share/ros88_pub/cmake/ros88_pubConfig-version.cmake
[3.972s] -- Up-to-date symlink: /home/dheeraj/ros-coding-challenge/install/ros88_pub/share/ros88_pub/package.xml
[3.973s] Invoked command in '/home/dheeraj/ros-coding-challenge/build/ros88_pub' returned '0': CMAKE_PREFIX_PATH=${CMAKE_PREFIX_PATH}:/opt/ros/humble /usr/bin/cmake --install /home/dheeraj/ros-coding-challenge/build/ros88_pub
